开始运行 Hacker News 文章摘要提取器...
正在获取 Hacker News 上的前 100 篇热门文章...
成功获取 100 篇文章

正在处理第 1/100 篇文章: Show HN: Clippy – 90s UI for local LLMs
成功提取文章内容，长度: 2430 字符
已完成第 1 篇文章的处理

正在处理第 2/100 篇文章: Gemini 2.5 Pro Preview
成功提取文章内容，长度: 5534 字符
已完成第 2 篇文章的处理

正在处理第 3/100 篇文章: Nnd – a TUI debugger alternative to GDB, LLDB
成功提取文章内容，长度: 1809 字符
已完成第 3 篇文章的处理

正在处理第 4/100 篇文章: Accents in latent spaces: How AI hears accent strength in English
成功提取文章内容，长度: 7955 字符
已完成第 4 篇文章的处理

正在处理第 5/100 篇文章: OpenAI reaches agreement to buy Windsurf for $3B
获取文章失败，状态码: 403
无法提取文章内容，尝试直接生成摘要（可能会失败）
已完成第 5 篇文章的处理

正在处理第 6/100 篇文章: The curse of knowing how, or; fixing everything
成功提取文章内容，长度: 8832 字符
已完成第 6 篇文章的处理

正在处理第 7/100 篇文章: Show HN: Plexe – ML Models from a Prompt
成功提取文章内容，长度: 4793 字符
已完成第 7 篇文章的处理

正在处理第 8/100 篇文章: Design and evaluation of a parrot-to-parrot video-calling system (2023)
成功提取文章内容，长度: 6262 字符
已完成第 8 篇文章的处理

正在处理第 9/100 篇文章: Taking the bite out of Lyme disease
成功提取文章内容，长度: 51 字符
已完成第 9 篇文章的处理

正在处理第 10/100 篇文章: Propositions as Types (2014) [pdf]
成功提取文章内容，长度: 15000 字符
已完成第 10 篇文章的处理

正在处理第 11/100 篇文章: The Inchtuthil Nail Hoard
成功提取文章内容，长度: 13788 字符
已完成第 11 篇文章的处理

正在处理第 12/100 篇文章: MTerrain: Optimized terrain system and editor for Godot
成功提取文章内容，长度: 1639 字符
已完成第 12 篇文章的处理

正在处理第 13/100 篇文章: Show HN: Reverse Pac-Man
成功提取文章内容，长度: 127 字符
已完成第 13 篇文章的处理

正在处理第 14/100 篇文章: An appeal to Apple from Anukari
成功提取文章内容，长度: 15000 字符
已完成第 14 篇文章的处理

正在处理第 15/100 篇文章: Sneakers (1992) – 4K makeover sourced from the original camera negative
无法提取文章内容，尝试直接生成摘要（可能会失败）
已完成第 15 篇文章的处理

正在处理第 16/100 篇文章: Evolving OpenAI's Structure
获取文章失败，状态码: 403
无法提取文章内容，尝试直接生成摘要（可能会失败）
已完成第 16 篇文章的处理

正在处理第 17/100 篇文章: Show HN: Real-time AI Voice Chat at ~500ms Latency
成功提取文章内容，长度: 9674 字符
已完成第 17 篇文章的处理

正在处理第 18/100 篇文章: Sea snail teeth top Kevlar, titanium as strongest material (2015)
成功提取文章内容，长度: 1848 字符
已完成第 18 篇文章的处理

正在处理第 19/100 篇文章: RK3588 – Implementing a Vectorscope for processing video in real time
成功提取文章内容，长度: 3138 字符
已完成第 19 篇文章的处理

正在处理第 20/100 篇文章: Replacing Kubernetes with systemd (2024)
成功提取文章内容，长度: 41 字符
已完成第 20 篇文章的处理

正在处理第 21/100 篇文章: The Turkish İ Problem and Why You Should Care (2012)
成功提取文章内容，长度: 15000 字符
已完成第 21 篇文章的处理

正在处理第 22/100 篇文章: Critical CSS
成功提取文章内容，长度: 29 字符
已完成第 22 篇文章的处理

正在处理第 23/100 篇文章: Why does Switzerland have so many bunkers?
成功提取文章内容，长度: 15000 字符
已完成第 23 篇文章的处理

正在处理第 24/100 篇文章: Technical analysis of the Signal clone used by Trump officials
成功提取文章内容，长度: 15000 字符
已完成第 24 篇文章的处理

正在处理第 25/100 篇文章: Show HN: Outpost – OSS infra for outbound webhooks and event destinations
成功提取文章内容，长度: 5226 字符
已完成第 25 篇文章的处理

正在处理第 26/100 篇文章: Dreariness Index (2015)
成功提取文章内容，长度: 15000 字符
已完成第 26 篇文章的处理

正在处理第 27/100 篇文章: Turning into Turing (2022)
成功提取文章内容，长度: 11221 字符
已完成第 27 篇文章的处理

正在处理第 28/100 篇文章: Curl: We still have not seen a single valid security report done with AI help
成功提取文章内容，长度: 2794 字符
已完成第 28 篇文章的处理

正在处理第 29/100 篇文章: Getting things “done” in large tech companies
成功提取文章内容，长度: 3994 字符
已完成第 29 篇文章的处理

正在处理第 30/100 篇文章: Faster sorting with SIMD CUDA intrinsics (2024)
成功提取文章内容，长度: 9314 字符
已完成第 30 篇文章的处理

正在处理第 31/100 篇文章: Analyzing Modern Nvidia GPU Cores
成功提取文章内容，长度: 4364 字符
已完成第 31 篇文章的处理

正在处理第 32/100 篇文章: I decided to pay off a school’s lunch debt
成功提取文章内容，长度: 15000 字符
已完成第 32 篇文章的处理

正在处理第 33/100 篇文章: Curl: We still have not seen a single valid security report done with AI help
成功提取文章内容，长度: 3155 字符
已完成第 33 篇文章的处理

正在处理第 34/100 篇文章: Possibly a Serious Possibility
获取文章失败，状态码: 403
无法提取文章内容，尝试直接生成摘要（可能会失败）
已完成第 34 篇文章的处理

正在处理第 35/100 篇文章: VMOS – Virtual Android on Android
成功提取文章内容，长度: 1290 字符
已完成第 35 篇文章的处理

正在处理第 36/100 篇文章: Pixels in Islamic Art: Square Kufic Calligraphy (2020)
成功提取文章内容，长度: 8162 字符
已完成第 36 篇文章的处理

正在处理第 37/100 篇文章: Carolina Eyck, renowned superstar of the theremin
成功提取文章内容，长度: 7365 字符
已完成第 37 篇文章的处理

正在处理第 38/100 篇文章: How are cyber criminals rolling in 2025?
成功提取文章内容，长度: 3085 字符
已完成第 38 篇文章的处理

正在处理第 39/100 篇文章: “An independent journalist” who won't remain nameless
成功提取文章内容，长度: 8989 字符
已完成第 39 篇文章的处理

正在处理第 40/100 篇文章: Show HN: VectorVFS, your filesystem as a vector database
成功提取文章内容，长度: 1772 字符
已完成第 40 篇文章的处理

正在处理第 41/100 篇文章: Databricks in talks to acquire startup Neon for about $1B
成功提取文章内容，长度: 1516 字符
已完成第 41 篇文章的处理

正在处理第 42/100 篇文章: An Interactive Debugger for Rust Trait Errors
成功提取文章内容，长度: 5264 字符
已完成第 42 篇文章的处理

正在处理第 43/100 篇文章: The Beauty of Having a Pi-Hole (2024)
成功提取文章内容，长度: 9261 字符
已完成第 43 篇文章的处理

正在处理第 44/100 篇文章: The vocal effects of Daft Punk
成功提取文章内容，长度: 15000 字符
已完成第 44 篇文章的处理

正在处理第 45/100 篇文章: Instant (YC S22) Is Hiring a Founding TypeScript Engineer
成功提取文章内容，长度: 8699 字符
已完成第 45 篇文章的处理

正在处理第 46/100 篇文章: Show HN: TextQuery – Query CSV, JSON, XLSX Files with SQL
成功提取文章内容，长度: 2246 字符
已完成第 46 篇文章的处理

正在处理第 47/100 篇文章: Understanding Memory Management, Part 5: Fighting with Rust
成功提取文章内容，长度: 15000 字符
已完成第 47 篇文章的处理

正在处理第 48/100 篇文章: Dimension 126 Contains Twisted Shapes, Mathematicians Prove
成功提取文章内容，长度: 15000 字符
已完成第 48 篇文章的处理

正在处理第 49/100 篇文章: As an experienced LLM user, I don't use generative LLMs often
成功提取文章内容，长度: 15000 字符
已完成第 49 篇文章的处理

正在处理第 50/100 篇文章: The Death of Daydreaming
成功提取文章内容，长度: 15000 字符
已完成第 50 篇文章的处理

正在处理第 51/100 篇文章: Google has most of my email because it has all of yours (2014)
成功提取文章内容，长度: 4252 字符
已完成第 51 篇文章的处理

正在处理第 52/100 篇文章: Kate and Python Language Server
成功提取文章内容，长度: 3862 字符
已完成第 52 篇文章的处理

正在处理第 53/100 篇文章: AWS Built a Security Tool. It Introduced a Security Risk
成功提取文章内容，长度: 11425 字符
已完成第 53 篇文章的处理

正在处理第 54/100 篇文章: Show HN: Tkintergalactic - Declarative Tcl/Tk UI Library for Python
成功提取文章内容，长度: 3512 字符
已完成第 54 篇文章的处理

正在处理第 55/100 篇文章: A Tektronix TDS 684B Oscilloscope Uses CCD Analog Memory
成功提取文章内容，长度: 9110 字符
已完成第 55 篇文章的处理

正在处理第 56/100 篇文章: History of “Adventure” for the Atari 2600
成功提取文章内容，长度: 15000 字符
已完成第 56 篇文章的处理

正在处理第 57/100 篇文章: Show HN: I built a 7-day calendar app – no months or years, just the next 7 days
成功提取文章内容，长度: 17 字符
已完成第 57 篇文章的处理

正在处理第 58/100 篇文章: Geometrically understanding calculus of inverse functions (2023)
成功提取文章内容，长度: 7306 字符
已完成第 58 篇文章的处理

正在处理第 59/100 篇文章: Show HN: Klavis AI – Open-source MCP integration for AI applications
成功提取文章内容，长度: 3013 字符
已完成第 59 篇文章的处理

正在处理第 60/100 篇文章: Europe's last maker of antibiotics ingredients shuts biggest domestic factory
成功提取文章内容，长度: 2110 字符
已完成第 60 篇文章的处理

正在处理第 61/100 篇文章: 'It is touching and stupid': Katamari Damacy creator on his new game
成功提取文章内容，长度: 3208 字符
已完成第 61 篇文章的处理

正在处理第 62/100 篇文章: You can't git clone a team
成功提取文章内容，长度: 8235 字符
已完成第 62 篇文章的处理

正在处理第 63/100 篇文章: Modern LaTeX
成功提取文章内容，长度: 2016 字符
已完成第 63 篇文章的处理

正在处理第 64/100 篇文章: Achieving 11M IOPS and 66 GiB/s IO on a Single Threadripper Workstation (2021)
成功提取文章内容，长度: 15000 字符
已完成第 64 篇文章的处理

正在处理第 65/100 篇文章: Culture comes first in cybersecurity, putting it on the frontline in culture war
成功提取文章内容，长度: 9472 字符
已完成第 65 篇文章的处理

正在处理第 66/100 篇文章: I'd rather read the prompt
成功提取文章内容，长度: 12128 字符
已完成第 66 篇文章的处理

正在处理第 67/100 篇文章: Show HN: Bracket – selfhosted tournament system
成功提取文章内容，长度: 3669 字符
已完成第 67 篇文章的处理

正在处理第 68/100 篇文章: 2 Planes Abort Landings as Army Helicopter Flies Near D.C. Airport
成功提取文章内容，长度: 3213 字符
已完成第 68 篇文章的处理

正在处理第 69/100 篇文章: Matrix-vector multiplication implemented in off-the-shelf DRAM for Low-Bit LLMs
成功提取文章内容，长度: 4811 字符
已完成第 69 篇文章的处理

正在处理第 70/100 篇文章: Show HN: ProcASM – A general purpose, visual programming lanugage
提取文章内容时出错: HTTPSConnectionPool(host='procasm.temware.site', port=443): Max retries exceeded with url: / (Caused by SSLError(SSLCertVerificationError(1, '[SSL: CERTIFICATE_VERIFY_FAILED] certificate verify failed: unable to get local issuer certificate (_ssl.c:1028)')))
错误类型: SSLError
错误详情: Traceback (most recent call last):
  File "/opt/hostedtoolcache/Python/3.13.3/x64/lib/python3.13/site-packages/urllib3/connectionpool.py", line 464, in _make_request
    self._validate_conn(conn)
    ~~~~~~~~~~~~~~~~~~~^^^^^^
  File "/opt/hostedtoolcache/Python/3.13.3/x64/lib/python3.13/site-packages/urllib3/connectionpool.py", line 1093, in _validate_conn
    conn.connect()
    ~~~~~~~~~~~~^^
  File "/opt/hostedtoolcache/Python/3.13.3/x64/lib/python3.13/site-packages/urllib3/connection.py", line 741, in connect
    sock_and_verified = _ssl_wrap_socket_and_match_hostname(
        sock=sock,
    ...<14 lines>...
        assert_fingerprint=self.assert_fingerprint,
    )
  File "/opt/hostedtoolcache/Python/3.13.3/x64/lib/python3.13/site-packages/urllib3/connection.py", line 920, in _ssl_wrap_socket_and_match_hostname
    ssl_sock = ssl_wrap_socket(
        sock=sock,
    ...<8 lines>...
        tls_in_tls=tls_in_tls,
    )
  File "/opt/hostedtoolcache/Python/3.13.3/x64/lib/python3.13/site-packages/urllib3/util/ssl_.py", line 480, in ssl_wrap_socket
    ssl_sock = _ssl_wrap_socket_impl(sock, context, tls_in_tls, server_hostname)
  File "/opt/hostedtoolcache/Python/3.13.3/x64/lib/python3.13/site-packages/urllib3/util/ssl_.py", line 524, in _ssl_wrap_socket_impl
    return ssl_context.wrap_socket(sock, server_hostname=server_hostname)
           ~~~~~~~~~~~~~~~~~~~~~~~^^^^^^^^^^^^^^^^^^^^^^^^^^^^^^^^^^^^^^^
  File "/opt/hostedtoolcache/Python/3.13.3/x64/lib/python3.13/ssl.py", line 455, in wrap_socket
    return self.sslsocket_class._create(
           ~~~~~~~~~~~~~~~~~~~~~~~~~~~~^
        sock=sock,
        ^^^^^^^^^^
    ...<5 lines>...
        session=session
        ^^^^^^^^^^^^^^^
    )
    ^
  File "/opt/hostedtoolcache/Python/3.13.3/x64/lib/python3.13/ssl.py", line 1076, in _create
    self.do_handshake()
    ~~~~~~~~~~~~~~~~~^^
  File "/opt/hostedtoolcache/Python/3.13.3/x64/lib/python3.13/ssl.py", line 1372, in do_handshake
    self._sslobj.do_handshake()
    ~~~~~~~~~~~~~~~~~~~~~~~~~^^
ssl.SSLCertVerificationError: [SSL: CERTIFICATE_VERIFY_FAILED] certificate verify failed: unable to get local issuer certificate (_ssl.c:1028)

During handling of the above exception, another exception occurred:

Traceback (most recent call last):
  File "/opt/hostedtoolcache/Python/3.13.3/x64/lib/python3.13/site-packages/urllib3/connectionpool.py", line 787, in urlopen
    response = self._make_request(
        conn,
    ...<10 lines>...
        **response_kw,
    )
  File "/opt/hostedtoolcache/Python/3.13.3/x64/lib/python3.13/site-packages/urllib3/connectionpool.py", line 488, in _make_request
    raise new_e
urllib3.exceptions.SSLError: [SSL: CERTIFICATE_VERIFY_FAILED] certificate verify failed: unable to get local issuer certificate (_ssl.c:1028)

The above exception was the direct cause of the following exception:

Traceback (most recent call last):
  File "/opt/hostedtoolcache/Python/3.13.3/x64/lib/python3.13/site-packages/requests/adapters.py", line 667, in send
    resp = conn.urlopen(
        method=request.method,
    ...<9 lines>...
        chunked=chunked,
    )
  File "/opt/hostedtoolcache/Python/3.13.3/x64/lib/python3.13/site-packages/urllib3/connectionpool.py", line 841, in urlopen
    retries = retries.increment(
        method, url, error=new_e, _pool=self, _stacktrace=sys.exc_info()[2]
    )
  File "/opt/hostedtoolcache/Python/3.13.3/x64/lib/python3.13/site-packages/urllib3/util/retry.py", line 519, in increment
    raise MaxRetryError(_pool, url, reason) from reason  # type: ignore[arg-type]
    ^^^^^^^^^^^^^^^^^^^^^^^^^^^^^^^^^^^^^^^^^^^^^^^^^^^
urllib3.exceptions.MaxRetryError: HTTPSConnectionPool(host='procasm.temware.site', port=443): Max retries exceeded with url: / (Caused by SSLError(SSLCertVerificationError(1, '[SSL: CERTIFICATE_VERIFY_FAILED] certificate verify failed: unable to get local issuer certificate (_ssl.c:1028)')))

During handling of the above exception, another exception occurred:

Traceback (most recent call last):
  File "/home/runner/work/hacker-news-summarizer/hacker-news-summarizer/main.py", line 84, in extract_article_content
    response = requests.get(url, headers=headers, timeout=15)
  File "/opt/hostedtoolcache/Python/3.13.3/x64/lib/python3.13/site-packages/requests/api.py", line 73, in get
    return request("get", url, params=params, **kwargs)
  File "/opt/hostedtoolcache/Python/3.13.3/x64/lib/python3.13/site-packages/requests/api.py", line 59, in request
    return session.request(method=method, url=url, **kwargs)
           ~~~~~~~~~~~~~~~^^^^^^^^^^^^^^^^^^^^^^^^^^^^^^^^^^
  File "/opt/hostedtoolcache/Python/3.13.3/x64/lib/python3.13/site-packages/requests/sessions.py", line 589, in request
    resp = self.send(prep, **send_kwargs)
  File "/opt/hostedtoolcache/Python/3.13.3/x64/lib/python3.13/site-packages/requests/sessions.py", line 703, in send
    r = adapter.send(request, **kwargs)
  File "/opt/hostedtoolcache/Python/3.13.3/x64/lib/python3.13/site-packages/requests/adapters.py", line 698, in send
    raise SSLError(e, request=request)
requests.exceptions.SSLError: HTTPSConnectionPool(host='procasm.temware.site', port=443): Max retries exceeded with url: / (Caused by SSLError(SSLCertVerificationError(1, '[SSL: CERTIFICATE_VERIFY_FAILED] certificate verify failed: unable to get local issuer certificate (_ssl.c:1028)')))

无法提取文章内容，尝试直接生成摘要（可能会失败）
已完成第 70 篇文章的处理

正在处理第 71/100 篇文章: Show HN: My AI Native Resume
成功提取文章内容，长度: 15000 字符
已完成第 71 篇文章的处理

正在处理第 72/100 篇文章: How Kim Jong Il Kidnapped a Director, Made a Cult Hit Godzilla Knockoff (2015)
成功提取文章内容，长度: 6375 字符
已完成第 72 篇文章的处理

正在处理第 73/100 篇文章: FUTO
成功提取文章内容，长度: 1336 字符
已完成第 73 篇文章的处理

正在处理第 74/100 篇文章: Judge said Meta illegally used books to build its AI
成功提取文章内容，长度: 5174 字符
已完成第 74 篇文章的处理

正在处理第 75/100 篇文章: Catastrophic fires and soil degradation: possible link with Neolithic revolution
成功提取文章内容，长度: 15000 字符
已完成第 75 篇文章的处理

正在处理第 76/100 篇文章: Sign in with Apple" broke after update–losing data for a third of users
成功提取文章内容，长度: 3020 字符
已完成第 76 篇文章的处理

正在处理第 77/100 篇文章: Unparalleled Misalignments
成功提取文章内容，长度: 15000 字符
已完成第 77 篇文章的处理

正在处理第 78/100 篇文章: Show HN: Journelly for iOS: like tweeting but for your eyes only (in plain text)
成功提取文章内容，长度: 5007 字符
已完成第 78 篇文章的处理

正在处理第 79/100 篇文章: Internet usage pattern during power outage in Spain and Portugal
成功提取文章内容，长度: 6870 字符
已完成第 79 篇文章的处理

正在处理第 80/100 篇文章: Cursor hits $9B valuation
成功提取文章内容，长度: 2085 字符
已完成第 80 篇文章的处理

正在处理第 81/100 篇文章: V.S. Naipaul: The Grief and the Glory
成功提取文章内容，长度: 15000 字符
已完成第 81 篇文章的处理

正在处理第 82/100 篇文章: Apple Shortcuts is falling into "the automation gap"
成功提取文章内容，长度: 2542 字符
已完成第 82 篇文章的处理

正在处理第 83/100 篇文章: Towards the Cutest Neural Network
成功提取文章内容，长度: 15000 字符
已完成第 83 篇文章的处理

正在处理第 84/100 篇文章: Design for 3D-Printing
成功提取文章内容，长度: 15000 字符
已完成第 84 篇文章的处理

正在处理第 85/100 篇文章: Emergent Misalignment: Narrow Finetuning Can Produce Broadly Misaligned LLMs
成功提取文章内容，长度: 3743 字符
已完成第 85 篇文章的处理

正在处理第 86/100 篇文章: Phoenician culture spread mainly through cultural exchange
成功提取文章内容，长度: 6154 字符
已完成第 86 篇文章的处理

正在处理第 87/100 篇文章: Open WebUI changed license from BSD-3 to Open WebUI license with CLA
成功提取文章内容，长度: 14512 字符
已完成第 87 篇文章的处理

正在处理第 88/100 篇文章: Urtext: The Python plaintext library for people who've tried everything else
成功提取文章内容，长度: 2452 字符
已完成第 88 篇文章的处理

正在处理第 89/100 篇文章: Tuning Timbre Spectrum Scale
成功提取文章内容，长度: 3450 字符
已完成第 89 篇文章的处理

正在处理第 90/100 篇文章: Oberon Pi
成功提取文章内容，长度: 4138 字符
已完成第 90 篇文章的处理

正在处理第 91/100 篇文章: Graceful Shutdown in Go: Practical Patterns
无法提取文章内容，尝试直接生成摘要（可能会失败）
已完成第 91 篇文章的处理

正在处理第 92/100 篇文章: OpenOffice still being recommended despite year-old unfixed security issues
成功提取文章内容，长度: 214 字符
已完成第 92 篇文章的处理

正在处理第 93/100 篇文章: Ghost in the machine? Legend of the 'haunted' N64 video game cartridge
成功提取文章内容，长度: 15000 字符
已完成第 93 篇文章的处理

正在处理第 94/100 篇文章: Driving Compilers (2023)
成功提取文章内容，长度: 4086 字符
已完成第 94 篇文章的处理

正在处理第 95/100 篇文章: Thunderscope update: My take: Why open source is better
成功提取文章内容，长度: 5789 字符
已完成第 95 篇文章的处理

正在处理第 96/100 篇文章: Hazard Pointers in C++26
成功提取文章内容，长度: 7066 字符
已完成第 96 篇文章的处理

正在处理第 97/100 篇文章: AI Meets WinDBG
成功提取文章内容，长度: 11956 字符
已完成第 97 篇文章的处理

正在处理第 98/100 篇文章: Semantic unit testing: test code without executing it
成功提取文章内容，长度: 15000 字符
已完成第 98 篇文章的处理

正在处理第 99/100 篇文章: Circuitpainter: Create PCBs using a simplfiied graphics language
成功提取文章内容，长度: 176 字符
已完成第 99 篇文章的处理

正在处理第 100/100 篇文章: Why Archers Didn't Volley Fire
成功提取文章内容，长度: 15000 字符
已完成第 100 篇文章的处理
README.md 更新完成
处理完成！
Generate summary end
commit&push start
