开始运行 Hacker News 文章摘要提取器...
正在获取 Hacker News 上的前 100 篇热门文章...
成功获取 100 篇文章

正在处理第 1/100 篇文章: Writing "/etc/hosts" breaks the Substack editor
获取文章失败，状态码: 403
无法提取文章内容，尝试直接生成摘要（可能会失败）
已完成第 1 篇文章的处理

正在处理第 2/100 篇文章: Eurorack Knob Idea
成功提取文章内容，长度: 8103 字符
已完成第 2 篇文章的处理

正在处理第 3/100 篇文章: Show HN: Magnitude – open-source, AI-native test framework for web apps
成功提取文章内容，长度: 4476 字符
已完成第 3 篇文章的处理

正在处理第 4/100 篇文章: Tumor-derived erythropoietin acts as immunosuppressive switch in cancer immunity
获取文章失败，状态码: 403
无法提取文章内容，尝试直接生成摘要（可能会失败）
已完成第 4 篇文章的处理

正在处理第 5/100 篇文章: Huge reproducibility project fails to validate biomedical studies
成功提取文章内容，长度: 6899 字符
已完成第 5 篇文章的处理

正在处理第 6/100 篇文章: A Love Letter to People Who Believe in People
成功提取文章内容，长度: 8720 字符
已完成第 6 篇文章的处理

正在处理第 7/100 篇文章: Notation as a Tool of Thought (1979)
成功提取文章内容，长度: 29 字符
已完成第 7 篇文章的处理

正在处理第 8/100 篇文章: Exploiting Undefined Behavior in C/C++ Programs: The Performance Impact [pdf]
成功提取文章内容，长度: 15000 字符
已完成第 8 篇文章的处理

正在处理第 9/100 篇文章: The Policy Puppetry Prompt: Novel bypass for major LLMs
成功提取文章内容，长度: 916 字符
已完成第 9 篇文章的处理

正在处理第 10/100 篇文章: UIT – performant, modular, low-memory file processing at scale, in the Cloud
成功提取文章内容，长度: 7263 字符
已完成第 10 篇文章的处理

正在处理第 11/100 篇文章: "Poetry City": Iowa City, Iowa
成功提取文章内容，长度: 8598 字符
已完成第 11 篇文章的处理

正在处理第 12/100 篇文章: Exercise before bed is linked with disrupted sleep
成功提取文章内容，长度: 4723 字符
已完成第 12 篇文章的处理

正在处理第 13/100 篇文章: The VTech Socratic Method
成功提取文章内容，长度: 15000 字符
已完成第 13 篇文章的处理

正在处理第 14/100 篇文章: What If We Could Rebuild Kafka from Scratch?
成功提取文章内容，长度: 8296 字符
已完成第 14 篇文章的处理

正在处理第 15/100 篇文章: Scientists Develop Artificial Leaf, Uses Sunlight to Produce Valuable Chemicals
成功提取文章内容，长度: 5473 字符
已完成第 15 篇文章的处理

正在处理第 16/100 篇文章: Show HN: BugStalker - a modern Rust debugger
成功提取文章内容，长度: 1109 字符
已完成第 16 篇文章的处理

正在处理第 17/100 篇文章: I wrote to the address in the GPLv2 license notice (2022)
成功提取文章内容，长度: 5129 字符
已完成第 17 篇文章的处理

正在处理第 18/100 篇文章: A $20k American-made electric pickup with no paint, no stereo, no screen
成功提取文章内容，长度: 13762 字符
已完成第 18 篇文章的处理

正在处理第 19/100 篇文章: I made a college punching bag for rejected highschoolers
成功提取文章内容，长度: 13 字符
已完成第 19 篇文章的处理

正在处理第 20/100 篇文章: OpenAI releases image generation in the API
获取文章失败，状态码: 403
无法提取文章内容，尝试直接生成摘要（可能会失败）
已完成第 20 篇文章的处理

正在处理第 21/100 篇文章: FBI arrests Wisconsin judge on charges of obstructing immigrant arrest
提取文章内容时出错: HTTPSConnectionPool(host='www.washingtonpost.com', port=443): Read timed out. (read timeout=15)
错误类型: ReadTimeout
错误详情: Traceback (most recent call last):
  File "/opt/hostedtoolcache/Python/3.13.3/x64/lib/python3.13/site-packages/urllib3/connectionpool.py", line 534, in _make_request
    response = conn.getresponse()
  File "/opt/hostedtoolcache/Python/3.13.3/x64/lib/python3.13/site-packages/urllib3/connection.py", line 516, in getresponse
    httplib_response = super().getresponse()
  File "/opt/hostedtoolcache/Python/3.13.3/x64/lib/python3.13/http/client.py", line 1430, in getresponse
    response.begin()
    ~~~~~~~~~~~~~~^^
  File "/opt/hostedtoolcache/Python/3.13.3/x64/lib/python3.13/http/client.py", line 331, in begin
    version, status, reason = self._read_status()
                              ~~~~~~~~~~~~~~~~~^^
  File "/opt/hostedtoolcache/Python/3.13.3/x64/lib/python3.13/http/client.py", line 292, in _read_status
    line = str(self.fp.readline(_MAXLINE + 1), "iso-8859-1")
               ~~~~~~~~~~~~~~~~^^^^^^^^^^^^^^
  File "/opt/hostedtoolcache/Python/3.13.3/x64/lib/python3.13/socket.py", line 719, in readinto
    return self._sock.recv_into(b)
           ~~~~~~~~~~~~~~~~~~~~^^^
  File "/opt/hostedtoolcache/Python/3.13.3/x64/lib/python3.13/ssl.py", line 1304, in recv_into
    return self.read(nbytes, buffer)
           ~~~~~~~~~^^^^^^^^^^^^^^^^
  File "/opt/hostedtoolcache/Python/3.13.3/x64/lib/python3.13/ssl.py", line 1138, in read
    return self._sslobj.read(len, buffer)
           ~~~~~~~~~~~~~~~~~^^^^^^^^^^^^^
TimeoutError: The read operation timed out

The above exception was the direct cause of the following exception:

Traceback (most recent call last):
  File "/opt/hostedtoolcache/Python/3.13.3/x64/lib/python3.13/site-packages/requests/adapters.py", line 667, in send
    resp = conn.urlopen(
        method=request.method,
    ...<9 lines>...
        chunked=chunked,
    )
  File "/opt/hostedtoolcache/Python/3.13.3/x64/lib/python3.13/site-packages/urllib3/connectionpool.py", line 841, in urlopen
    retries = retries.increment(
        method, url, error=new_e, _pool=self, _stacktrace=sys.exc_info()[2]
    )
  File "/opt/hostedtoolcache/Python/3.13.3/x64/lib/python3.13/site-packages/urllib3/util/retry.py", line 474, in increment
    raise reraise(type(error), error, _stacktrace)
          ~~~~~~~^^^^^^^^^^^^^^^^^^^^^^^^^^^^^^^^^
  File "/opt/hostedtoolcache/Python/3.13.3/x64/lib/python3.13/site-packages/urllib3/util/util.py", line 39, in reraise
    raise value
  File "/opt/hostedtoolcache/Python/3.13.3/x64/lib/python3.13/site-packages/urllib3/connectionpool.py", line 787, in urlopen
    response = self._make_request(
        conn,
    ...<10 lines>...
        **response_kw,
    )
  File "/opt/hostedtoolcache/Python/3.13.3/x64/lib/python3.13/site-packages/urllib3/connectionpool.py", line 536, in _make_request
    self._raise_timeout(err=e, url=url, timeout_value=read_timeout)
    ~~~~~~~~~~~~~~~~~~~^^^^^^^^^^^^^^^^^^^^^^^^^^^^^^^^^^^^^^^^^^^^
  File "/opt/hostedtoolcache/Python/3.13.3/x64/lib/python3.13/site-packages/urllib3/connectionpool.py", line 367, in _raise_timeout
    raise ReadTimeoutError(
        self, url, f"Read timed out. (read timeout={timeout_value})"
    ) from err
urllib3.exceptions.ReadTimeoutError: HTTPSConnectionPool(host='www.washingtonpost.com', port=443): Read timed out. (read timeout=15)

During handling of the above exception, another exception occurred:

Traceback (most recent call last):
  File "/home/runner/work/hacker-news-summarizer/hacker-news-summarizer/main.py", line 84, in extract_article_content
    response = requests.get(url, headers=headers, timeout=15)
  File "/opt/hostedtoolcache/Python/3.13.3/x64/lib/python3.13/site-packages/requests/api.py", line 73, in get
    return request("get", url, params=params, **kwargs)
  File "/opt/hostedtoolcache/Python/3.13.3/x64/lib/python3.13/site-packages/requests/api.py", line 59, in request
    return session.request(method=method, url=url, **kwargs)
           ~~~~~~~~~~~~~~~^^^^^^^^^^^^^^^^^^^^^^^^^^^^^^^^^^
  File "/opt/hostedtoolcache/Python/3.13.3/x64/lib/python3.13/site-packages/requests/sessions.py", line 589, in request
    resp = self.send(prep, **send_kwargs)
  File "/opt/hostedtoolcache/Python/3.13.3/x64/lib/python3.13/site-packages/requests/sessions.py", line 703, in send
    r = adapter.send(request, **kwargs)
  File "/opt/hostedtoolcache/Python/3.13.3/x64/lib/python3.13/site-packages/requests/adapters.py", line 713, in send
    raise ReadTimeout(e, request=request)
requests.exceptions.ReadTimeout: HTTPSConnectionPool(host='www.washingtonpost.com', port=443): Read timed out. (read timeout=15)

无法提取文章内容，尝试直接生成摘要（可能会失败）
已完成第 21 篇文章的处理

正在处理第 22/100 篇文章: Tarpit ideas: What are tarpit ideas and how to avoid them (2023) [video]
成功提取文章内容，长度: 92 字符
已完成第 22 篇文章的处理

正在处理第 23/100 篇文章: OpenVSX, which VSCode forks rely on for extensions, down for 24 hours
成功提取文章内容，长度: 390 字符
已完成第 23 篇文章的处理

正在处理第 24/100 篇文章: A Visual Journey Through Async Rust
成功提取文章内容，长度: 10932 字符
已完成第 24 篇文章的处理

正在处理第 25/100 篇文章: Write an Interpreter in Ruby
无法提取文章内容，尝试直接生成摘要（可能会失败）
已完成第 25 篇文章的处理

正在处理第 26/100 篇文章: Show HN: Logiquiz – Daily Self-Referential Puzzles
成功提取文章内容，长度: 1699 字符
已完成第 26 篇文章的处理

正在处理第 27/100 篇文章: GCC, the GNU Compiler Collection 15.1 released
成功提取文章内容，长度: 1482 字符
已完成第 27 篇文章的处理

正在处理第 28/100 篇文章: New analysis casts doubt on 'biosignatures' found on planet K2-18B
成功提取文章内容，长度: 5454 字符
已完成第 28 篇文章的处理

正在处理第 29/100 篇文章: Instant SQL for results as you type in DuckDB UI
成功提取文章内容，长度: 9694 字符
已完成第 29 篇文章的处理

正在处理第 30/100 篇文章: One quantum transition makes light at 21 cm
成功提取文章内容，长度: 15000 字符
已完成第 30 篇文章的处理

正在处理第 31/100 篇文章: Avoiding Skill Atrophy in the Age of AI
获取文章失败，状态码: 403
无法提取文章内容，尝试直接生成摘要（可能会失败）
已完成第 31 篇文章的处理

正在处理第 32/100 篇文章: PyGraph: Robust Compiler Support for CUDA Graphs in PyTorch
成功提取文章内容，长度: 4022 字符
已完成第 32 篇文章的处理

正在处理第 33/100 篇文章: Century-old genetics mystery of Mendel's peas solved
成功提取文章内容，长度: 7080 字符
已完成第 33 篇文章的处理

正在处理第 34/100 篇文章: You Can Be a Great Designer and Be Completely Unknown
成功提取文章内容，长度: 4832 字符
已完成第 34 篇文章的处理

正在处理第 35/100 篇文章: Fundamental flaws of SIMD ISAs (2021)
成功提取文章内容，长度: 15000 字符
已完成第 35 篇文章的处理

正在处理第 36/100 篇文章: A Principled Approach to Querying Data – A Type-Safe Search DSL
成功提取文章内容，长度: 14264 字符
已完成第 36 篇文章的处理

正在处理第 37/100 篇文章: Show HN: I built Lovable for text bots and mini apps
成功提取文章内容，长度: 34 字符
已完成第 37 篇文章的处理

正在处理第 38/100 篇文章: Show HN: Faasta – A self-hosted Serverless platform for WASM-wasi-HTTP in Rust
成功提取文章内容，长度: 2042 字符
已完成第 38 篇文章的处理

正在处理第 39/100 篇文章: Key Takeaways from CATL's Naxtra Sodium-Ion Battery Launch
获取文章失败，状态码: 403
无法提取文章内容，尝试直接生成摘要（可能会失败）
已完成第 39 篇文章的处理

正在处理第 40/100 篇文章: Careless People
成功提取文章内容，长度: 15000 字符
已完成第 40 篇文章的处理

正在处理第 41/100 篇文章: DeepMind releases Lyria 2 music generation model
成功提取文章内容，长度: 9348 字符
已完成第 41 篇文章的处理

正在处理第 42/100 篇文章: Assignment 5: Cars and Key Fobs (2021)
成功提取文章内容，长度: 12207 字符
已完成第 42 篇文章的处理

正在处理第 43/100 篇文章: Launch HN: Cua (YC X25) – Open-Source Docker Container for Computer-Use Agents
成功提取文章内容，长度: 6026 字符
已完成第 43 篇文章的处理

正在处理第 44/100 篇文章: Show HN: Colanode, open-source and local-first Slack and Notion alternative
成功提取文章内容，长度: 3312 字符
已完成第 44 篇文章的处理

正在处理第 45/100 篇文章: Microsoft subtracts C/C++ extension from VS Code forks
成功提取文章内容，长度: 6327 字符
已完成第 45 篇文章的处理

正在处理第 46/100 篇文章: Show HN: Infat – Declaritive application assocation manager for macOS
成功提取文章内容，长度: 3050 字符
已完成第 46 篇文章的处理

正在处理第 47/100 篇文章: The Gruen Transfer is consuming the internet
成功提取文章内容，长度: 2952 字符
已完成第 47 篇文章的处理

正在处理第 48/100 篇文章: Mark Zuckerberg says social media is over
成功提取文章内容，长度: 8218 字符
已完成第 48 篇文章的处理

正在处理第 49/100 篇文章: Mistaking Mary Magdalene
成功提取文章内容，长度: 15000 字符
已完成第 49 篇文章的处理

正在处理第 50/100 篇文章: Daily driving a Linux phone, but why?
成功提取文章内容，长度: 2399 字符
已完成第 50 篇文章的处理

正在处理第 51/100 篇文章: How much math is knowable? [video]
获取文章失败，状态码: 429
无法提取文章内容，尝试直接生成摘要（可能会失败）
已完成第 51 篇文章的处理

正在处理第 52/100 篇文章: Show HN: Zev – Remember (or discover) terminal commands
成功提取文章内容，长度: 1407 字符
已完成第 52 篇文章的处理

正在处理第 53/100 篇文章: AI Horseless Carriages
成功提取文章内容，长度: 35 字符
已完成第 53 篇文章的处理

正在处理第 54/100 篇文章: In the age of AI, we must protect human creativity as a natural resource
成功提取文章内容，长度: 14712 字符
已完成第 54 篇文章的处理

正在处理第 55/100 篇文章: OpenAlternative – open-source Alternatives to Popular Software
成功提取文章内容，长度: 3650 字符
已完成第 55 篇文章的处理

正在处理第 56/100 篇文章: Asymmetric Content Moderation in Search Markets: The Case of Adult Websites
成功提取文章内容，长度: 3307 字符
已完成第 56 篇文章的处理

正在处理第 57/100 篇文章: Show HN: I made my own TRMNL e-ink device
成功提取文章内容，长度: 6530 字符
已完成第 57 篇文章的处理

正在处理第 58/100 篇文章: Show HN: I made my own TRMNL e-ink device
成功提取文章内容，长度: 6530 字符
已完成第 58 篇文章的处理

正在处理第 59/100 篇文章: Three things everyone should know about Vision Transformers
成功提取文章内容，长度: 4061 字符
已完成第 59 篇文章的处理

正在处理第 60/100 篇文章: A Tour Inside the IBM Z17
成功提取文章内容，长度: 25 字符
已完成第 60 篇文章的处理

正在处理第 61/100 篇文章: 'Bright Circle' and 'Margaret Fuller': The Rise of the Transcendental Woman
获取文章失败，状态码: 401
无法提取文章内容，尝试直接生成摘要（可能会失败）
已完成第 61 篇文章的处理

正在处理第 62/100 篇文章: Finland is painting deer antlers with reflective paint (2014)
成功提取文章内容，长度: 1932 字符
已完成第 62 篇文章的处理

正在处理第 63/100 篇文章: Mary MacLane, the Wild Woman from Butte
成功提取文章内容，长度: 15000 字符
已完成第 63 篇文章的处理

正在处理第 64/100 篇文章: On loyalty to your employer (2018)
成功提取文章内容，长度: 5710 字符
已完成第 64 篇文章的处理

正在处理第 65/100 篇文章: Creating your own federated microblog
成功提取文章内容，长度: 15000 字符
已完成第 65 篇文章的处理

正在处理第 66/100 篇文章: Agent Mesh for Enterprise Agents
成功提取文章内容，长度: 11738 字符
已完成第 66 篇文章的处理

正在处理第 67/100 篇文章: Show HN: I Added Translation to My RSS Reader Project
成功提取文章内容，长度: 14 字符
已完成第 67 篇文章的处理

正在处理第 68/100 篇文章: You wouldn't steal a font
成功提取文章内容，长度: 80 字符
已完成第 68 篇文章的处理

正在处理第 69/100 篇文章: PgDog is a transaction pooler logical replication manager can shard PostgreSQL
成功提取文章内容，长度: 6231 字符
已完成第 69 篇文章的处理

正在处理第 70/100 篇文章: Some __nonstring__ Turbulence
成功提取文章内容，长度: 15000 字符
已完成第 70 篇文章的处理

正在处理第 71/100 篇文章: Apple and Meta fined millions for breaching EU law
成功提取文章内容，长度: 5312 字符
已完成第 71 篇文章的处理

正在处理第 72/100 篇文章: Observability 2.0 and the Database for It
成功提取文章内容，长度: 14187 字符
已完成第 72 篇文章的处理

正在处理第 73/100 篇文章: MCP on AWS Lambda with MCPEngine
成功提取文章内容，长度: 15000 字符
已完成第 73 篇文章的处理

正在处理第 74/100 篇文章: More Everything Forever
成功提取文章内容，长度: 3107 字符
已完成第 74 篇文章的处理

正在处理第 75/100 篇文章: The hidden cost of AI coding
成功提取文章内容，长度: 5132 字符
已完成第 75 篇文章的处理

正在处理第 76/100 篇文章: Sea Monsters Unmasked and Sea Fables Explained by Henry Lee (1883)
成功提取文章内容，长度: 50 字符
已完成第 76 篇文章的处理

正在处理第 77/100 篇文章: How I blog with Obsidian, Hugo, GitHub, and Cloudflare
成功提取文章内容，长度: 4121 字符
已完成第 77 篇文章的处理

正在处理第 78/100 篇文章: YAGRI: You are gonna read it
成功提取文章内容，长度: 2270 字符
已完成第 78 篇文章的处理

正在处理第 79/100 篇文章: Show HN: My from-scratch OS kernel that runs DOOM
成功提取文章内容，长度: 1086 字符
已完成第 79 篇文章的处理

正在处理第 80/100 篇文章: Google contract prevented Motorola from setting Perplexity as default assistant
获取文章失败，状态码: 403
无法提取文章内容，尝试直接生成摘要（可能会失败）
已完成第 80 篇文章的处理

正在处理第 81/100 篇文章: Curbing the Power of the Popes
成功提取文章内容，长度: 15000 字符
已完成第 81 篇文章的处理

正在处理第 82/100 篇文章: I Tried to Buy an Actual Barrel of Crude Oil (2015)
获取文章失败，状态码: 403
无法提取文章内容，尝试直接生成摘要（可能会失败）
已完成第 82 篇文章的处理

正在处理第 83/100 篇文章: Shortest-possible walking tour to 81,998 bars in South Korea
成功提取文章内容，长度: 7359 字符
已完成第 83 篇文章的处理

正在处理第 84/100 篇文章: Clinical trial: novel nutritional formula treats gut microbial overgrowth
成功提取文章内容，长度: 6069 字符
已完成第 84 篇文章的处理

正在处理第 85/100 篇文章: AMD Publishes Open-Source Driver for GPU Virtualization, Radeon "In the Roadmap"
成功提取文章内容，长度: 1443 字符
已完成第 85 篇文章的处理

正在处理第 86/100 篇文章: Show HN: Index – New Open Source browser agent
成功提取文章内容，长度: 5186 字符
已完成第 86 篇文章的处理

正在处理第 87/100 篇文章: The effect of deactivating Facebook and Instagram on users' emotional state
成功提取文章内容，长度: 6820 字符
已完成第 87 篇文章的处理

正在处理第 88/100 篇文章: Get your Minitel back, the COMPUTEL videotex BBS is back
成功提取文章内容，长度: 14414 字符
已完成第 88 篇文章的处理

正在处理第 89/100 篇文章: 'World War Zoos' Review: Of Bombs and Beasts
获取文章失败，状态码: 401
无法提取文章内容，尝试直接生成摘要（可能会失败）
已完成第 89 篇文章的处理

正在处理第 90/100 篇文章: Show HN: Rowboat – Open-source IDE for multi-agent systems
成功提取文章内容，长度: 2225 字符
已完成第 90 篇文章的处理

正在处理第 91/100 篇文章: Show HN: I built an AI that turns GitHub codebases into easy tutorials
成功提取文章内容，长度: 4555 字符
已完成第 91 篇文章的处理

正在处理第 92/100 篇文章: Show HN: We made a blazing-fast, open-source GitHub front end
成功提取文章内容，长度: 447 字符
已完成第 92 篇文章的处理

正在处理第 93/100 篇文章: DOGE worker’s code supports NLRB whistleblower
成功提取文章内容，长度: 6670 字符
已完成第 93 篇文章的处理

正在处理第 94/100 篇文章: My experience participating to a startup weekend competition in Italy
获取文章失败，状态码: 403
无法提取文章内容，尝试直接生成摘要（可能会失败）
已完成第 94 篇文章的处理

正在处理第 95/100 篇文章: CubeCL: GPU Kernels in Rust for CUDA, ROCm, and WGPU
成功提取文章内容，长度: 11613 字符
已完成第 95 篇文章的处理

正在处理第 96/100 篇文章: Swift Container Plugin
成功提取文章内容，长度: 3236 字符
已完成第 96 篇文章的处理

正在处理第 97/100 篇文章: Pixel is a unit of length and area
成功提取文章内容，长度: 3537 字符
已完成第 97 篇文章的处理

正在处理第 98/100 篇文章: Acquisitions, consolidation, and innovation in AI
获取文章失败，状态码: 403
无法提取文章内容，尝试直接生成摘要（可能会失败）
已完成第 98 篇文章的处理

正在处理第 99/100 篇文章: Show HN: Pomo – Manage your Stripe promo codes without code
成功提取文章内容，长度: 49 字符
已完成第 99 篇文章的处理

正在处理第 100/100 篇文章: Harvard Admission Exam 1869 – Algebra
成功提取文章内容，长度: 164 字符
已完成第 100 篇文章的处理
README.md 更新完成
处理完成！
Generate summary end
commit&push start
