开始运行 Hacker News 文章摘要提取器...
正在获取 Hacker News 上的前 100 篇热门文章...
成功获取 100 篇文章

正在处理第 1/100 篇文章: Modifying an HDMI dummy plug's EDID using a Raspberry Pi
成功提取文章内容，长度: 8463 字符
已完成第 1 篇文章的处理

正在处理第 2/100 篇文章: Red Hat Linux in 1998 (2009)
成功提取文章内容，长度: 12554 字符
已完成第 2 篇文章的处理

正在处理第 3/100 篇文章: Canyon.mid
成功提取文章内容，长度: 10 字符
已完成第 3 篇文章的处理

正在处理第 4/100 篇文章: How to modify Starlink Mini to run without the built-in WiFi router
成功提取文章内容，长度: 7968 字符
已完成第 4 篇文章的处理

正在处理第 5/100 篇文章: Datalog in Rust
成功提取文章内容，长度: 112 字符
已完成第 5 篇文章的处理

正在处理第 6/100 篇文章: Social anxiety disorder-associated gut microbiota increases social fear
获取文章失败，状态码: 403
无法提取文章内容，尝试直接生成摘要（可能会失败）
已完成第 6 篇文章的处理

正在处理第 7/100 篇文章: 1k year old 3 sisters crop farm found in Northern Michigan
成功提取文章内容，长度: 6655 字符
已完成第 7 篇文章的处理

正在处理第 8/100 篇文章: I want to be a Journey Programmer Again
成功提取文章内容，长度: 3406 字符
已完成第 8 篇文章的处理

正在处理第 9/100 篇文章: Childhood leukemia: how a deadly cancer became treatable
成功提取文章内容，长度: 15000 字符
已完成第 9 篇文章的处理

正在处理第 10/100 篇文章: Biofuels Policy, a Mainstay of American Agriculture, a Failure for the Climate
成功提取文章内容，长度: 8414 字符
已完成第 10 篇文章的处理

正在处理第 11/100 篇文章: The experience continues until you stop experiencing it
成功提取文章内容，长度: 15000 字符
已完成第 11 篇文章的处理

正在处理第 12/100 篇文章: The Art of Lisp and Writing (2003)
成功提取文章内容，长度: 15000 字符
已完成第 12 篇文章的处理

正在处理第 13/100 篇文章: Datalog in miniKanren
成功提取文章内容，长度: 9417 字符
已完成第 13 篇文章的处理

正在处理第 14/100 篇文章: How easy is it for a developer to "sandbox" a program?
成功提取文章内容，长度: 7648 字符
已完成第 14 篇文章的处理

正在处理第 15/100 篇文章: Foundations of Computer Vision
成功提取文章内容，长度: 12761 字符
已完成第 15 篇文章的处理

正在处理第 16/100 篇文章: Text-to-LoRA: Hypernetwork that generates task-specific LLM adapters (LoRAs)
成功提取文章内容，长度: 8799 字符
已完成第 16 篇文章的处理

正在处理第 17/100 篇文章: The Keyset
提取文章内容时出错: HTTPSConnectionPool(host='dougengelbart.org', port=443): Read timed out. (read timeout=15)
错误类型: ReadTimeout
错误详情: Traceback (most recent call last):
  File "/opt/hostedtoolcache/Python/3.13.4/x64/lib/python3.13/site-packages/urllib3/connectionpool.py", line 534, in _make_request
    response = conn.getresponse()
  File "/opt/hostedtoolcache/Python/3.13.4/x64/lib/python3.13/site-packages/urllib3/connection.py", line 516, in getresponse
    httplib_response = super().getresponse()
  File "/opt/hostedtoolcache/Python/3.13.4/x64/lib/python3.13/http/client.py", line 1430, in getresponse
    response.begin()
    ~~~~~~~~~~~~~~^^
  File "/opt/hostedtoolcache/Python/3.13.4/x64/lib/python3.13/http/client.py", line 331, in begin
    version, status, reason = self._read_status()
                              ~~~~~~~~~~~~~~~~~^^
  File "/opt/hostedtoolcache/Python/3.13.4/x64/lib/python3.13/http/client.py", line 292, in _read_status
    line = str(self.fp.readline(_MAXLINE + 1), "iso-8859-1")
               ~~~~~~~~~~~~~~~~^^^^^^^^^^^^^^
  File "/opt/hostedtoolcache/Python/3.13.4/x64/lib/python3.13/socket.py", line 719, in readinto
    return self._sock.recv_into(b)
           ~~~~~~~~~~~~~~~~~~~~^^^
  File "/opt/hostedtoolcache/Python/3.13.4/x64/lib/python3.13/ssl.py", line 1304, in recv_into
    return self.read(nbytes, buffer)
           ~~~~~~~~~^^^^^^^^^^^^^^^^
  File "/opt/hostedtoolcache/Python/3.13.4/x64/lib/python3.13/ssl.py", line 1138, in read
    return self._sslobj.read(len, buffer)
           ~~~~~~~~~~~~~~~~~^^^^^^^^^^^^^
TimeoutError: The read operation timed out

The above exception was the direct cause of the following exception:

Traceback (most recent call last):
  File "/opt/hostedtoolcache/Python/3.13.4/x64/lib/python3.13/site-packages/requests/adapters.py", line 667, in send
    resp = conn.urlopen(
        method=request.method,
    ...<9 lines>...
        chunked=chunked,
    )
  File "/opt/hostedtoolcache/Python/3.13.4/x64/lib/python3.13/site-packages/urllib3/connectionpool.py", line 841, in urlopen
    retries = retries.increment(
        method, url, error=new_e, _pool=self, _stacktrace=sys.exc_info()[2]
    )
  File "/opt/hostedtoolcache/Python/3.13.4/x64/lib/python3.13/site-packages/urllib3/util/retry.py", line 474, in increment
    raise reraise(type(error), error, _stacktrace)
          ~~~~~~~^^^^^^^^^^^^^^^^^^^^^^^^^^^^^^^^^
  File "/opt/hostedtoolcache/Python/3.13.4/x64/lib/python3.13/site-packages/urllib3/util/util.py", line 39, in reraise
    raise value
  File "/opt/hostedtoolcache/Python/3.13.4/x64/lib/python3.13/site-packages/urllib3/connectionpool.py", line 787, in urlopen
    response = self._make_request(
        conn,
    ...<10 lines>...
        **response_kw,
    )
  File "/opt/hostedtoolcache/Python/3.13.4/x64/lib/python3.13/site-packages/urllib3/connectionpool.py", line 536, in _make_request
    self._raise_timeout(err=e, url=url, timeout_value=read_timeout)
    ~~~~~~~~~~~~~~~~~~~^^^^^^^^^^^^^^^^^^^^^^^^^^^^^^^^^^^^^^^^^^^^
  File "/opt/hostedtoolcache/Python/3.13.4/x64/lib/python3.13/site-packages/urllib3/connectionpool.py", line 367, in _raise_timeout
    raise ReadTimeoutError(
        self, url, f"Read timed out. (read timeout={timeout_value})"
    ) from err
urllib3.exceptions.ReadTimeoutError: HTTPSConnectionPool(host='dougengelbart.org', port=443): Read timed out. (read timeout=15)

During handling of the above exception, another exception occurred:

Traceback (most recent call last):
  File "/home/runner/work/hacker-news-summarizer/hacker-news-summarizer/main.py", line 84, in extract_article_content
    response = requests.get(url, headers=headers, timeout=15)
  File "/opt/hostedtoolcache/Python/3.13.4/x64/lib/python3.13/site-packages/requests/api.py", line 73, in get
    return request("get", url, params=params, **kwargs)
  File "/opt/hostedtoolcache/Python/3.13.4/x64/lib/python3.13/site-packages/requests/api.py", line 59, in request
    return session.request(method=method, url=url, **kwargs)
           ~~~~~~~~~~~~~~~^^^^^^^^^^^^^^^^^^^^^^^^^^^^^^^^^^
  File "/opt/hostedtoolcache/Python/3.13.4/x64/lib/python3.13/site-packages/requests/sessions.py", line 589, in request
    resp = self.send(prep, **send_kwargs)
  File "/opt/hostedtoolcache/Python/3.13.4/x64/lib/python3.13/site-packages/requests/sessions.py", line 703, in send
    r = adapter.send(request, **kwargs)
  File "/opt/hostedtoolcache/Python/3.13.4/x64/lib/python3.13/site-packages/requests/adapters.py", line 713, in send
    raise ReadTimeout(e, request=request)
requests.exceptions.ReadTimeout: HTTPSConnectionPool(host='dougengelbart.org', port=443): Read timed out. (read timeout=15)

无法提取文章内容，尝试直接生成摘要（可能会失败）
已完成第 17 篇文章的处理

正在处理第 18/100 篇文章: Tiny-diffusion: A minimal implementation of probabilistic diffusion models
成功提取文章内容，长度: 2447 字符
已完成第 18 篇文章的处理

正在处理第 19/100 篇文章: Q-learning is not yet scalable
成功提取文章内容，长度: 13485 字符
已完成第 19 篇文章的处理

正在处理第 20/100 篇文章: I have reimplemented Stable Diffusion 3.5 from scratch in pure PyTorch
成功提取文章内容，长度: 2066 字符
已完成第 20 篇文章的处理

正在处理第 21/100 篇文章: CI/CD Observability with OpenTelemetry Step by Step Guide
成功提取文章内容，长度: 10850 字符
已完成第 21 篇文章的处理

正在处理第 22/100 篇文章: Journalists Wary of Travelling to US Due to Palantir Surveillance
成功提取文章内容，长度: 600 字符
已完成第 22 篇文章的处理

正在处理第 23/100 篇文章: Infinite Grid of Resistors
成功提取文章内容，长度: 15000 字符
已完成第 23 篇文章的处理

正在处理第 24/100 篇文章: Ruby on Rails Audit Complete
成功提取文章内容，长度: 2404 字符
已完成第 24 篇文章的处理

正在处理第 25/100 篇文章: Bits and bobs related to Wireless-Tag's WT32-ETH01 board
成功提取文章内容，长度: 13471 字符
已完成第 25 篇文章的处理

正在处理第 26/100 篇文章: Show HN: Meow – An Image File Format I made because PNGs and JPEGs suck for AI
成功提取文章内容，长度: 13288 字符
已完成第 26 篇文章的处理

正在处理第 27/100 篇文章: Notes on the History of the Map Tile
成功提取文章内容，长度: 14617 字符
已完成第 27 篇文章的处理

正在处理第 28/100 篇文章: The Talented Ms. Highsmith
成功提取文章内容，长度: 15000 字符
已完成第 28 篇文章的处理

正在处理第 29/100 篇文章: AMD's AI Future Is Rack Scale 'Helios'
获取文章失败，状态码: 403
无法提取文章内容，尝试直接生成摘要（可能会失败）
已完成第 29 篇文章的处理

正在处理第 30/100 篇文章: Meta-analysis of three different notions of software complexity
成功提取文章内容，长度: 15000 字符
已完成第 30 篇文章的处理

正在处理第 31/100 篇文章: Breaking My Security Assignments
成功提取文章内容，长度: 10832 字符
已完成第 31 篇文章的处理

正在处理第 32/100 篇文章: Solar Orbiter gets world-first views of the Sun's poles
成功提取文章内容，长度: 10256 字符
已完成第 32 篇文章的处理

正在处理第 33/100 篇文章: Chicken Eyeglasses
成功提取文章内容，长度: 12210 字符
已完成第 33 篇文章的处理

正在处理第 34/100 篇文章: Inside the Apollo “8-Ball” FDAI (Flight Director / Attitude Indicator)
成功提取文章内容，长度: 15000 字符
已完成第 34 篇文章的处理

正在处理第 35/100 篇文章: The Algebra of an Infinite Grid of Resistors
成功提取文章内容，长度: 15000 字符
已完成第 35 篇文章的处理

正在处理第 36/100 篇文章: Charlottesville activist facing vandalism charges for makeshift crosswalk
成功提取文章内容，长度: 2315 字符
已完成第 36 篇文章的处理

正在处理第 37/100 篇文章: Cloud outage knocks out internet services across the globe
成功提取文章内容，长度: 5429 字符
已完成第 37 篇文章的处理

正在处理第 38/100 篇文章: Last fifty years of integer linear programming: Recent practical advances (2024)
成功提取文章内容，长度: 3086 字符
已完成第 38 篇文章的处理

正在处理第 39/100 篇文章: Nvidia CEO criticizes Anthropic boss over his statements on AI
成功提取文章内容，长度: 6304 字符
已完成第 39 篇文章的处理

正在处理第 40/100 篇文章: Cray versus Raspberry Pi
成功提取文章内容，长度: 5706 字符
已完成第 40 篇文章的处理

正在处理第 41/100 篇文章: Debunking HDR [video]
成功提取文章内容，长度: 913 字符
已完成第 41 篇文章的处理

正在处理第 42/100 篇文章: Endometriosis is an interesting disease
成功提取文章内容，长度: 15000 字符
已完成第 42 篇文章的处理

正在处理第 43/100 篇文章: Have a damaged painting? Restore it in just hours with an AI-generated “mask”
成功提取文章内容，长度: 12280 字符
已完成第 43 篇文章的处理

正在处理第 44/100 篇文章: Bioprospectors mine microbial genomes for antibiotic gold
成功提取文章内容，长度: 15000 字符
已完成第 44 篇文章的处理

正在处理第 45/100 篇文章: An origin trial for a new HTML <permission> element (2024)
成功提取文章内容，长度: 7187 字符
已完成第 45 篇文章的处理

正在处理第 46/100 篇文章: Large language models often know when they are being evaluated
成功提取文章内容，长度: 4535 字符
已完成第 46 篇文章的处理

正在处理第 47/100 篇文章: Solidroad (YC W25) Is Hiring
成功提取文章内容，长度: 15000 字符
已完成第 47 篇文章的处理

正在处理第 48/100 篇文章: SIMD-friendly algorithms for substring searching (2016)
成功提取文章内容，长度: 15000 字符
已完成第 48 篇文章的处理

正在处理第 49/100 篇文章: Tintin, Hergé and Chang – A Friendship That Changed the World
获取文章失败，状态码: 403
无法提取文章内容，尝试直接生成摘要（可能会失败）
已完成第 49 篇文章的处理

正在处理第 50/100 篇文章: Waymo rides cost more than Uber or Lyft and people are paying anyway
成功提取文章内容，长度: 6863 字符
已完成第 50 篇文章的处理

正在处理第 51/100 篇文章: Dance Captcha
成功提取文章内容，长度: 65 字符
已完成第 51 篇文章的处理

正在处理第 52/100 篇文章: Animals Taught Us Culture
成功提取文章内容，长度: 15000 字符
已完成第 52 篇文章的处理

正在处理第 53/100 篇文章: How multiplication is defined in Peano arithmetic
成功提取文章内容，长度: 15000 字符
已完成第 53 篇文章的处理

正在处理第 54/100 篇文章: TimeGuessr
成功提取文章内容，长度: 43 字符
已完成第 54 篇文章的处理

正在处理第 55/100 篇文章: The Many Sides of Erik Satie
成功提取文章内容，长度: 6104 字符
已完成第 55 篇文章的处理

正在处理第 56/100 篇文章: Unsupervised Elicitation of Language Models
成功提取文章内容，长度: 4159 字符
已完成第 56 篇文章的处理

正在处理第 57/100 篇文章: Mrs. Orcutt's Driveway (2005)
获取文章失败，状态码: 403
无法提取文章内容，尝试直接生成摘要（可能会失败）
已完成第 57 篇文章的处理

正在处理第 58/100 篇文章: How to Build Conscious Machines
成功提取文章内容，长度: 144 字符
已完成第 58 篇文章的处理

正在处理第 59/100 篇文章: Fixing the mechanics of my bullet chess
成功提取文章内容，长度: 2186 字符
已完成第 59 篇文章的处理

正在处理第 60/100 篇文章: Slowing the flow of core-dump-related CVEs
成功提取文章内容，长度: 15000 字符
已完成第 60 篇文章的处理

正在处理第 61/100 篇文章: We investigated Amsterdam's attempt to build a 'fair' fraud detection model
成功提取文章内容，长度: 15000 字符
已完成第 61 篇文章的处理

正在处理第 62/100 篇文章: Self-Adapting Language Models
成功提取文章内容，长度: 4101 字符
已完成第 62 篇文章的处理

正在处理第 63/100 篇文章: Student discovers fungus predicted by Albert Hoffman
成功提取文章内容，长度: 4436 字符
已完成第 63 篇文章的处理

正在处理第 64/100 篇文章: Implementing Logic Programming
获取文章失败，状态码: 403
无法提取文章内容，尝试直接生成摘要（可能会失败）
已完成第 64 篇文章的处理

正在处理第 65/100 篇文章: If the moon were only 1 pixel: A tediously accurate solar system model (2014)
成功提取文章内容，长度: 7818 字符
已完成第 65 篇文章的处理

正在处理第 66/100 篇文章: How the Final Cartridge III Freezer Works
成功提取文章内容，长度: 15000 字符
已完成第 66 篇文章的处理

正在处理第 67/100 篇文章: Clinical knowledge in LLMs does not translate to human interactions
成功提取文章内容，长度: 15000 字符
已完成第 67 篇文章的处理

正在处理第 68/100 篇文章: Filedb: Disk-based key-value store inspired by Bitcask
成功提取文章内容，长度: 2986 字符
已完成第 68 篇文章的处理

正在处理第 69/100 篇文章: Frequent reauth doesn't make you more secure
成功提取文章内容，长度: 7619 字符
已完成第 69 篇文章的处理

正在处理第 70/100 篇文章: Peano arithmetic is enough, because Peano arithmetic  encodes computation
成功提取文章内容，长度: 15000 字符
已完成第 70 篇文章的处理

正在处理第 71/100 篇文章: Flies grow their gyroscopes: Study reveals how flight stabilizers take shape
成功提取文章内容，长度: 4809 字符
已完成第 71 篇文章的处理

正在处理第 72/100 篇文章: The international standard for identifying postal items
成功提取文章内容，长度: 6727 字符
已完成第 72 篇文章的处理

正在处理第 73/100 篇文章: How I program with agents
成功提取文章内容，长度: 15000 字符
已完成第 73 篇文章的处理

正在处理第 74/100 篇文章: Sperm are very different from all other cells
成功提取文章内容，长度: 15000 字符
已完成第 74 篇文章的处理

正在处理第 75/100 篇文章: Jemalloc Postmortem
成功提取文章内容，长度: 10858 字符
已完成第 75 篇文章的处理

正在处理第 76/100 篇文章: Iconic icons to showcase your skills
成功提取文章内容，长度: 1612 字符
已完成第 76 篇文章的处理

正在处理第 77/100 篇文章: The Army’s Newest Recruits: Tech Execs From Meta, OpenAI and More
获取文章失败，状态码: 401
无法提取文章内容，尝试直接生成摘要（可能会失败）
已完成第 77 篇文章的处理

正在处理第 78/100 篇文章: 100 years of Zermelo's axiom of choice: What was the problem with it? (2006)
成功提取文章内容，长度: 15000 字符
已完成第 78 篇文章的处理

正在处理第 79/100 篇文章: I convinced HP's board to buy Palm and watched them kill it
获取文章失败，状态码: 403
无法提取文章内容，尝试直接生成摘要（可能会失败）
已完成第 79 篇文章的处理

正在处理第 80/100 篇文章: Whatever Happened to Sandboxfs?
获取文章失败，状态码: 403
无法提取文章内容，尝试直接生成摘要（可能会失败）
已完成第 80 篇文章的处理

正在处理第 81/100 篇文章: Beware the Intention Economy: Collection and Commodification of Intent via LLMs
成功提取文章内容，长度: 15000 字符
已完成第 81 篇文章的处理

正在处理第 82/100 篇文章: Peeling the Covers Off Germany's Exascale "Jupiter" Supercomputer
成功提取文章内容，长度: 14331 字符
已完成第 82 篇文章的处理

正在处理第 83/100 篇文章: SSHTron: A multiplayer lightcycle game that runs through SSH
成功提取文章内容，长度: 2048 字符
已完成第 83 篇文章的处理

正在处理第 84/100 篇文章: “Language and Image Minus Cognition”: An Interview with Leif Weatherby
成功提取文章内容，长度: 15000 字符
已完成第 84 篇文章的处理

正在处理第 85/100 篇文章: A receipt printer cured my procrastination
成功提取文章内容，长度: 14594 字符
已完成第 85 篇文章的处理

正在处理第 86/100 篇文章: When random people give money to random other people (2017)
成功提取文章内容，长度: 4164 字符
已完成第 86 篇文章的处理

正在处理第 87/100 篇文章: RAG Is a Fancy, Lying Search Engine
成功提取文章内容，长度: 11785 字符
已完成第 87 篇文章的处理

正在处理第 88/100 篇文章: Apple's Liquid Glass is prep work for AR interfaces, not just a design refresh
获取文章失败，状态码: 403
无法提取文章内容，尝试直接生成摘要（可能会失败）
已完成第 88 篇文章的处理

正在处理第 89/100 篇文章: GPU-accelerated Llama3.java inference in pure Java using TornadoVM
成功提取文章内容，长度: 15000 字符
已完成第 89 篇文章的处理

正在处理第 90/100 篇文章: Me an' Algernon – grappling with (temporary) cognitive decline
获取文章失败，状态码: 403
无法提取文章内容，尝试直接生成摘要（可能会失败）
已完成第 90 篇文章的处理

正在处理第 91/100 篇文章: "Make in India" Relies on "Made in China"
成功提取文章内容，长度: 7890 字符
已完成第 91 篇文章的处理

正在处理第 92/100 篇文章: OxCaml - a set of extensions to the OCaml programming language.
成功提取文章内容，长度: 3824 字符
已完成第 92 篇文章的处理

正在处理第 93/100 篇文章: High-speed fluorescence light field tomography of whole freely moving organisms
获取文章失败，状态码: 202
无法提取文章内容，尝试直接生成摘要（可能会失败）
已完成第 93 篇文章的处理

正在处理第 94/100 篇文章: Spatializing 6k years of global urbanization from 3700 BC to AD 2000
成功提取文章内容，长度: 15000 字符
已完成第 94 篇文章的处理

正在处理第 95/100 篇文章: Using computers more freely and safely (2023)
成功提取文章内容，长度: 15000 字符
已完成第 95 篇文章的处理

正在处理第 96/100 篇文章: Meta AI searches made public – but do all its users realise?
成功提取文章内容，长度: 3400 字符
已完成第 96 篇文章的处理

正在处理第 97/100 篇文章: Quantum Computation Lecture Notes (2022)
成功提取文章内容，长度: 1749 字符
已完成第 97 篇文章的处理

正在处理第 98/100 篇文章: Research suggests Big Bang may have taken place inside a black hole
无法提取文章内容，尝试直接生成摘要（可能会失败）
已完成第 98 篇文章的处理

正在处理第 99/100 篇文章: Meta invests $14.3B in Scale AI to kick-start superintelligence lab
获取文章失败，状态码: 403
无法提取文章内容，尝试直接生成摘要（可能会失败）
已完成第 99 篇文章的处理

正在处理第 100/100 篇文章: iPhone 11 emulation done in QEMU
成功提取文章内容，长度: 5087 字符
已完成第 100 篇文章的处理
README.md 更新完成
处理完成！
Generate summary end
commit&push start
