开始运行 Hacker News 文章摘要提取器...
正在获取 Hacker News 上的前 100 篇热门文章...
成功获取 100 篇文章

正在处理第 1/100 篇文章: macOS Tahoe brings a new disk image format
成功提取文章内容，长度: 5318 字符
已完成第 1 篇文章的处理

正在处理第 2/100 篇文章: A receipt printer cured my procrastination
成功提取文章内容，长度: 14594 字符
已完成第 2 篇文章的处理

正在处理第 3/100 篇文章: Solving LinkedIn Queens with SMT
成功提取文章内容，长度: 7882 字符
已完成第 3 篇文章的处理

正在处理第 4/100 篇文章: iPhone 11 emulation done in QEMU
成功提取文章内容，长度: 5087 字符
已完成第 4 篇文章的处理

正在处理第 5/100 篇文章: Why Does My Ripped CD Have Messed Up Track Names? and Why Is One Track Missing?
成功提取文章内容，长度: 9917 字符
已完成第 5 篇文章的处理

正在处理第 6/100 篇文章: Maximizing Battery Storage Profits via High-Frequency Intraday Trading
成功提取文章内容，长度: 4617 字符
已完成第 6 篇文章的处理

正在处理第 7/100 篇文章: Roame (YC S23) Is Hiring
成功提取文章内容，长度: 6959 字符
已完成第 7 篇文章的处理

正在处理第 8/100 篇文章: US-backed Israeli company's spyware used to target European journalists
获取文章失败，状态码: 403
无法提取文章内容，尝试直接生成摘要（可能会失败）
已完成第 8 篇文章的处理

正在处理第 9/100 篇文章: CP/M 2.2, CP/M 3.0, CP/M-86, Concurrent CP/M-86 listings by Digital Research
成功提取文章内容，长度: 339 字符
已完成第 9 篇文章的处理

正在处理第 10/100 篇文章: Helion: A modern fast paced Doom FPS engine in C#
成功提取文章内容，长度: 2044 字符
已完成第 10 篇文章的处理

正在处理第 11/100 篇文章: Rust compiler performance
成功提取文章内容，长度: 15000 字符
已完成第 11 篇文章的处理

正在处理第 12/100 篇文章: Researchers confirm two journalists were hacked with Paragon spyware
成功提取文章内容，长度: 11290 字符
已完成第 12 篇文章的处理

正在处理第 13/100 篇文章: Seedance 1.0
成功提取文章内容，长度: 1091 字符
已完成第 13 篇文章的处理

正在处理第 14/100 篇文章: Google Pixels are no longer the AOSP reference device
成功提取文章内容，长度: 2740 字符
已完成第 14 篇文章的处理

正在处理第 15/100 篇文章: Quantum Computation Lecture Notes (2022)
成功提取文章内容，长度: 1749 字符
已完成第 15 篇文章的处理

正在处理第 16/100 篇文章: Microsoft Office migration from Source Depot to Git
成功提取文章内容，长度: 13326 字符
已完成第 16 篇文章的处理

正在处理第 17/100 篇文章: Chatterbox TTS
成功提取文章内容，长度: 3743 字符
已完成第 17 篇文章的处理

正在处理第 18/100 篇文章: Dancing brainwaves: How sound reshapes your brain networks in real time
成功提取文章内容，长度: 6624 字符
已完成第 18 篇文章的处理

正在处理第 19/100 篇文章: First thoughts on o3 pro
成功提取文章内容，长度: 6205 字符
已完成第 19 篇文章的处理

正在处理第 20/100 篇文章: Trump's NASA cuts would destroy decades of science and wipe out its future
成功提取文章内容，长度: 15000 字符
已完成第 20 篇文章的处理

正在处理第 21/100 篇文章: Archaeological evidence of intensive indigenous farming in MI's Upper Peninsula
获取文章失败，状态码: 403
无法提取文章内容，尝试直接生成摘要（可能会失败）
已完成第 21 篇文章的处理

正在处理第 22/100 篇文章: Y Combinator startup Sorcerer raises $3.9M to launch more weather balloons
获取文章失败，状态码: 403
无法提取文章内容，尝试直接生成摘要（可能会失败）
已完成第 22 篇文章的处理

正在处理第 23/100 篇文章: Show HN: Spark, An advanced 3D Gaussian Splatting renderer for Three.js
成功提取文章内容，长度: 236 字符
已完成第 23 篇文章的处理

正在处理第 24/100 篇文章: The hunt for Marie Curie's radioactive fingerprints in Paris
成功提取文章内容，长度: 15000 字符
已完成第 24 篇文章的处理

正在处理第 25/100 篇文章: Research suggests Big Bang may have taken place inside a black hole
无法提取文章内容，尝试直接生成摘要（可能会失败）
已完成第 25 篇文章的处理

正在处理第 26/100 篇文章: Air India flight to London crashes in Ahmedabad with more than 240 onboard
成功提取文章内容，长度: 1186 字符
已完成第 26 篇文章的处理

正在处理第 27/100 篇文章: Show HN: Eyesite – Experimental website combining computer vision and web design
成功提取文章内容，长度: 3208 字符
已完成第 27 篇文章的处理

正在处理第 28/100 篇文章: V-JEPA 2 world model and new benchmarks for physical reasoning
获取文章失败，状态码: 400
无法提取文章内容，尝试直接生成摘要（可能会失败）
已完成第 28 篇文章的处理

正在处理第 29/100 篇文章: Agentic Coding Recommendations
成功提取文章内容，长度: 15000 字符
已完成第 29 篇文章的处理

正在处理第 30/100 篇文章: Bypassing GitHub Actions policies in the dumbest way possible
成功提取文章内容，长度: 9023 字符
已完成第 30 篇文章的处理

正在处理第 31/100 篇文章: Expanding Racks [video]
成功提取文章内容，长度: 89 字符
已完成第 31 篇文章的处理

正在处理第 32/100 篇文章: Rohde and Schwarz AMIQ Modulation Generator Teardown
成功提取文章内容，长度: 15000 字符
已完成第 32 篇文章的处理

正在处理第 33/100 篇文章: Show HN: RomM – An open-source, self-hosted ROM manager and player
成功提取文章内容，长度: 2276 字符
已完成第 33 篇文章的处理

正在处理第 34/100 篇文章: DeskHog, an open-source developer toy
成功提取文章内容，长度: 4133 字符
已完成第 34 篇文章的处理

正在处理第 35/100 篇文章: How long it takes to know if a job is right for you or not
成功提取文章内容，长度: 8496 字符
已完成第 35 篇文章的处理

正在处理第 36/100 篇文章: Danish Ministry Replaces Windows and Microsoft Office with Linux and LibreOffice
无法提取文章内容，尝试直接生成摘要（可能会失败）
已完成第 36 篇文章的处理

正在处理第 37/100 篇文章: My Cord-Cutting Adventure (2020)
成功提取文章内容，长度: 15000 字符
已完成第 37 篇文章的处理

正在处理第 38/100 篇文章: Drawing on Tradition: Elena Izcue's Peruvian Art in the School
成功提取文章内容，长度: 16 字符
已完成第 38 篇文章的处理

正在处理第 39/100 篇文章: You can now legally walk with drinks on SF's Valencia St
成功提取文章内容，长度: 3475 字符
已完成第 39 篇文章的处理

正在处理第 40/100 篇文章: Congratulations on creating the one billionth repository on GitHub
成功提取文章内容，长度: 992 字符
已完成第 40 篇文章的处理

正在处理第 41/100 篇文章: Why Koreans ask what year you were born
成功提取文章内容，长度: 3520 字符
已完成第 41 篇文章的处理

正在处理第 42/100 篇文章: Researchers discover evidence in the mystery of America's 'Lost Colony'
成功提取文章内容，长度: 6883 字符
已完成第 42 篇文章的处理

正在处理第 43/100 篇文章: Unveiling the EndBOX – A microcomputer prototype for EndBASIC
成功提取文章内容，长度: 5874 字符
已完成第 43 篇文章的处理

正在处理第 44/100 篇文章: EchoLeak – 0-Click AI Vulnerability Enabling Data Exfiltration from 365 Copilot
成功提取文章内容，长度: 2432 字符
已完成第 44 篇文章的处理

正在处理第 45/100 篇文章: The Canadian C++ Conference
成功提取文章内容，长度: 6048 字符
已完成第 45 篇文章的处理

正在处理第 46/100 篇文章: Plants hear their pollinators, and produce sweet nectar in response
无法提取文章内容，尝试直接生成摘要（可能会失败）
已完成第 46 篇文章的处理

正在处理第 47/100 篇文章: How I Program with Agents
成功提取文章内容，长度: 15000 字符
已完成第 47 篇文章的处理

正在处理第 48/100 篇文章: Show HN: DIY virtual HDMI monitor using "AR" glasses
成功提取文章内容，长度: 4034 字符
已完成第 48 篇文章的处理

正在处理第 49/100 篇文章: OpenPlanetData – Free Daily Planet OSM PBF and GOL Indexed Snapshots
成功提取文章内容，长度: 561 字符
已完成第 49 篇文章的处理

正在处理第 50/100 篇文章: OpenAI o3-pro
获取文章失败，状态码: 403
无法提取文章内容，尝试直接生成摘要（可能会失败）
已完成第 50 篇文章的处理

正在处理第 51/100 篇文章: Lessons from That 1834 Landscape Gardening Guidebook
成功提取文章内容，长度: 6602 字符
已完成第 51 篇文章的处理

正在处理第 52/100 篇文章: Menstrual tracking app data is gold mine for advertisers that risks women safety
成功提取文章内容，长度: 6815 字符
已完成第 52 篇文章的处理

正在处理第 53/100 篇文章: Navy backs right to repair after $13B carrier goes half-fed
成功提取文章内容，长度: 5262 字符
已完成第 53 篇文章的处理

正在处理第 54/100 篇文章: Dolly Parton's Dollywood Express
获取文章失败，状态码: 403
无法提取文章内容，尝试直接生成摘要（可能会失败）
已完成第 54 篇文章的处理

正在处理第 55/100 篇文章: Reflections on Sudoku, or the Impossibility of Systematizing Thought
成功提取文章内容，长度: 11700 字符
已完成第 55 篇文章的处理

正在处理第 56/100 篇文章: AOSP isn't dead, but Google just landed a blow to custom ROM developers
成功提取文章内容，长度: 7058 字符
已完成第 56 篇文章的处理

正在处理第 57/100 篇文章: Fine-tuning LLMs is a waste of time
获取文章失败，状态码: 403
无法提取文章内容，尝试直接生成摘要（可能会失败）
已完成第 57 篇文章的处理

正在处理第 58/100 篇文章: The Diary of Samuel Pepys
成功提取文章内容，长度: 1323 字符
已完成第 58 篇文章的处理

正在处理第 59/100 篇文章: Show HN: Ikuyo a Travel Planning Web Application
成功提取文章内容，长度: 6 字符
已完成第 59 篇文章的处理

正在处理第 60/100 篇文章: The curious case of shell commands, or how "this bug is required by POSIX" (2021)
成功提取文章内容，长度: 15000 字符
已完成第 60 篇文章的处理

正在处理第 61/100 篇文章: May 2025 (Version 1.101)
成功提取文章内容，长度: 15000 字符
已完成第 61 篇文章的处理

正在处理第 62/100 篇文章: John Deere Must Face Second Right to Repair Lawsuit
成功提取文章内容，长度: 3328 字符
已完成第 62 篇文章的处理

正在处理第 63/100 篇文章: Magistral — the first reasoning model by Mistral AI
成功提取文章内容，长度: 5959 字符
已完成第 63 篇文章的处理

正在处理第 64/100 篇文章: Darwin Godel Machine: Open-Ended Evolution of Self-Improving Agents
成功提取文章内容，长度: 4843 字符
已完成第 64 篇文章的处理

正在处理第 65/100 篇文章: Firefox OS's story from a Mozilla insider not working on the project (2024)
成功提取文章内容，长度: 7902 字符
已完成第 65 篇文章的处理

正在处理第 66/100 篇文章: The Centralization of the Internet
成功提取文章内容，长度: 66 字符
已完成第 66 篇文章的处理

正在处理第 67/100 篇文章: AlphaWrite: AI that improves at writing by evolving its own stories
成功提取文章内容，长度: 10678 字符
已完成第 67 篇文章的处理

正在处理第 68/100 篇文章: Show HN: S3mini – Tiny and fast S3-compatible client, no-deps, edge-ready
成功提取文章内容，长度: 9392 字符
已完成第 68 篇文章的处理

正在处理第 69/100 篇文章: Bliss – The story behind one of the most famous photographs (2012)
成功提取文章内容，长度: 7681 字符
已完成第 69 篇文章的处理

正在处理第 70/100 篇文章: Characterizing my first attempt at copper-only passives
成功提取文章内容，长度: 15000 字符
已完成第 70 篇文章的处理

正在处理第 71/100 篇文章: TV Fool: See OTA channels you can receive
成功提取文章内容，长度: 465 字符
已完成第 71 篇文章的处理

正在处理第 72/100 篇文章: The Seymour Cray Era of Supercomputers
成功提取文章内容，长度: 4364 字符
已完成第 72 篇文章的处理

正在处理第 73/100 篇文章: The librarian immediately attempts to sell you a vuvuzela
成功提取文章内容，长度: 14661 字符
已完成第 73 篇文章的处理

正在处理第 74/100 篇文章: Type-based vs. Value-based Reflection
成功提取文章内容，长度: 15000 字符
已完成第 74 篇文章的处理

正在处理第 75/100 篇文章: We’re secretly winning the war on cancer
成功提取文章内容，长度: 8488 字符
已完成第 75 篇文章的处理

正在处理第 76/100 篇文章: Show HN: A “Course” as an MCP Server
成功提取文章内容，长度: 2249 字符
已完成第 76 篇文章的处理

正在处理第 77/100 篇文章: It's the end of observability as we know it (and I feel fine)
成功提取文章内容，长度: 12623 字符
已完成第 77 篇文章的处理

正在处理第 78/100 篇文章: Another Crack in the Chain of Trust: Uncovering (Yet Another) Secure Boot Bypass
成功提取文章内容，长度: 14283 字符
已完成第 78 篇文章的处理

正在处理第 79/100 篇文章: The “Frankfurt Kitchen”
成功提取文章内容，长度: 5323 字符
已完成第 79 篇文章的处理

正在处理第 80/100 篇文章: Show HN: I made a 3D printed VTOL drone
成功提取文章内容，长度: 1881 字符
已完成第 80 篇文章的处理

正在处理第 81/100 篇文章: Institutional Books: A 242B token dataset from Harvard Library's collections
成功提取文章内容，长度: 4840 字符
已完成第 81 篇文章的处理

正在处理第 82/100 篇文章: Deere Must Face FTC's Antitrust Lawsuit over Repair Costs, US Judge Rules
获取文章失败，状态码: 401
无法提取文章内容，尝试直接生成摘要（可能会失败）
已完成第 82 篇文章的处理

正在处理第 83/100 篇文章: Faster, easier 2D vector rendering [video]
成功提取文章内容，长度: 89 字符
已完成第 83 篇文章的处理

正在处理第 84/100 篇文章: How Long Does It Take to Draw a Picture of Every Pub in London?
获取文章失败，状态码: 403
无法提取文章内容，尝试直接生成摘要（可能会失败）
已完成第 84 篇文章的处理

正在处理第 85/100 篇文章: Show HN: The Roman Industrial Revolution that could have been
成功提取文章内容，长度: 3363 字符
已完成第 85 篇文章的处理

正在处理第 86/100 篇文章: Apple announces Foundation Models and Containerization frameworks, etc
成功提取文章内容，长度: 15000 字符
已完成第 86 篇文章的处理

正在处理第 87/100 篇文章: Modern Minimal Perfect Hashing: A Survey
成功提取文章内容，长度: 4129 字符
已完成第 87 篇文章的处理

正在处理第 88/100 篇文章: Introducing stronger dependencies on systemd
成功提取文章内容，长度: 6853 字符
已完成第 88 篇文章的处理

正在处理第 89/100 篇文章: The $11T gap between White House and economists on Trump's 'big, beautiful' bill
成功提取文章内容，长度: 6770 字符
已完成第 89 篇文章的处理

正在处理第 90/100 篇文章: Show HN: High End Color Quantizer
成功提取文章内容，长度: 8878 字符
已完成第 90 篇文章的处理

正在处理第 91/100 篇文章: IBM now describing its first error-resistant quantum compute system
成功提取文章内容，长度: 10985 字符
已完成第 91 篇文章的处理

正在处理第 92/100 篇文章: They Travel the World–and Cheat Death–For License Plates
获取文章失败，状态码: 401
无法提取文章内容，尝试直接生成摘要（可能会失败）
已完成第 92 篇文章的处理

正在处理第 93/100 篇文章: Story of Sosumi and the Mac Startup Sound
成功提取文章内容，长度: 5716 字符
已完成第 93 篇文章的处理

正在处理第 94/100 篇文章: Air-dried vs. Kiln-dried Wood
获取文章失败，状态码: 403
无法提取文章内容，尝试直接生成摘要（可能会失败）
已完成第 94 篇文章的处理

正在处理第 95/100 篇文章: The Gentle Singularity
成功提取文章内容，长度: 10078 字符
已完成第 95 篇文章的处理

正在处理第 96/100 篇文章: Air India B788 at Ahmedabad on Jun 12th 2025, lost height shortly after takeoff
提取文章内容时出错: HTTPSConnectionPool(host='avherald.com', port=443): Read timed out. (read timeout=15)
错误类型: ReadTimeout
错误详情: Traceback (most recent call last):
  File "/opt/hostedtoolcache/Python/3.13.4/x64/lib/python3.13/site-packages/urllib3/connectionpool.py", line 464, in _make_request
    self._validate_conn(conn)
    ~~~~~~~~~~~~~~~~~~~^^^^^^
  File "/opt/hostedtoolcache/Python/3.13.4/x64/lib/python3.13/site-packages/urllib3/connectionpool.py", line 1093, in _validate_conn
    conn.connect()
    ~~~~~~~~~~~~^^
  File "/opt/hostedtoolcache/Python/3.13.4/x64/lib/python3.13/site-packages/urllib3/connection.py", line 741, in connect
    sock_and_verified = _ssl_wrap_socket_and_match_hostname(
        sock=sock,
    ...<14 lines>...
        assert_fingerprint=self.assert_fingerprint,
    )
  File "/opt/hostedtoolcache/Python/3.13.4/x64/lib/python3.13/site-packages/urllib3/connection.py", line 920, in _ssl_wrap_socket_and_match_hostname
    ssl_sock = ssl_wrap_socket(
        sock=sock,
    ...<8 lines>...
        tls_in_tls=tls_in_tls,
    )
  File "/opt/hostedtoolcache/Python/3.13.4/x64/lib/python3.13/site-packages/urllib3/util/ssl_.py", line 480, in ssl_wrap_socket
    ssl_sock = _ssl_wrap_socket_impl(sock, context, tls_in_tls, server_hostname)
  File "/opt/hostedtoolcache/Python/3.13.4/x64/lib/python3.13/site-packages/urllib3/util/ssl_.py", line 524, in _ssl_wrap_socket_impl
    return ssl_context.wrap_socket(sock, server_hostname=server_hostname)
           ~~~~~~~~~~~~~~~~~~~~~~~^^^^^^^^^^^^^^^^^^^^^^^^^^^^^^^^^^^^^^^
  File "/opt/hostedtoolcache/Python/3.13.4/x64/lib/python3.13/ssl.py", line 455, in wrap_socket
    return self.sslsocket_class._create(
           ~~~~~~~~~~~~~~~~~~~~~~~~~~~~^
        sock=sock,
        ^^^^^^^^^^
    ...<5 lines>...
        session=session
        ^^^^^^^^^^^^^^^
    )
    ^
  File "/opt/hostedtoolcache/Python/3.13.4/x64/lib/python3.13/ssl.py", line 1076, in _create
    self.do_handshake()
    ~~~~~~~~~~~~~~~~~^^
  File "/opt/hostedtoolcache/Python/3.13.4/x64/lib/python3.13/ssl.py", line 1372, in do_handshake
    self._sslobj.do_handshake()
    ~~~~~~~~~~~~~~~~~~~~~~~~~^^
TimeoutError: _ssl.c:1011: The handshake operation timed out

The above exception was the direct cause of the following exception:

Traceback (most recent call last):
  File "/opt/hostedtoolcache/Python/3.13.4/x64/lib/python3.13/site-packages/requests/adapters.py", line 667, in send
    resp = conn.urlopen(
        method=request.method,
    ...<9 lines>...
        chunked=chunked,
    )
  File "/opt/hostedtoolcache/Python/3.13.4/x64/lib/python3.13/site-packages/urllib3/connectionpool.py", line 841, in urlopen
    retries = retries.increment(
        method, url, error=new_e, _pool=self, _stacktrace=sys.exc_info()[2]
    )
  File "/opt/hostedtoolcache/Python/3.13.4/x64/lib/python3.13/site-packages/urllib3/util/retry.py", line 474, in increment
    raise reraise(type(error), error, _stacktrace)
          ~~~~~~~^^^^^^^^^^^^^^^^^^^^^^^^^^^^^^^^^
  File "/opt/hostedtoolcache/Python/3.13.4/x64/lib/python3.13/site-packages/urllib3/util/util.py", line 39, in reraise
    raise value
  File "/opt/hostedtoolcache/Python/3.13.4/x64/lib/python3.13/site-packages/urllib3/connectionpool.py", line 787, in urlopen
    response = self._make_request(
        conn,
    ...<10 lines>...
        **response_kw,
    )
  File "/opt/hostedtoolcache/Python/3.13.4/x64/lib/python3.13/site-packages/urllib3/connectionpool.py", line 488, in _make_request
    raise new_e
  File "/opt/hostedtoolcache/Python/3.13.4/x64/lib/python3.13/site-packages/urllib3/connectionpool.py", line 466, in _make_request
    self._raise_timeout(err=e, url=url, timeout_value=conn.timeout)
    ~~~~~~~~~~~~~~~~~~~^^^^^^^^^^^^^^^^^^^^^^^^^^^^^^^^^^^^^^^^^^^^
  File "/opt/hostedtoolcache/Python/3.13.4/x64/lib/python3.13/site-packages/urllib3/connectionpool.py", line 367, in _raise_timeout
    raise ReadTimeoutError(
        self, url, f"Read timed out. (read timeout={timeout_value})"
    ) from err
urllib3.exceptions.ReadTimeoutError: HTTPSConnectionPool(host='avherald.com', port=443): Read timed out. (read timeout=15)

During handling of the above exception, another exception occurred:

Traceback (most recent call last):
  File "/home/runner/work/hacker-news-summarizer/hacker-news-summarizer/main.py", line 84, in extract_article_content
    response = requests.get(url, headers=headers, timeout=15)
  File "/opt/hostedtoolcache/Python/3.13.4/x64/lib/python3.13/site-packages/requests/api.py", line 73, in get
    return request("get", url, params=params, **kwargs)
  File "/opt/hostedtoolcache/Python/3.13.4/x64/lib/python3.13/site-packages/requests/api.py", line 59, in request
    return session.request(method=method, url=url, **kwargs)
           ~~~~~~~~~~~~~~~^^^^^^^^^^^^^^^^^^^^^^^^^^^^^^^^^^
  File "/opt/hostedtoolcache/Python/3.13.4/x64/lib/python3.13/site-packages/requests/sessions.py", line 589, in request
    resp = self.send(prep, **send_kwargs)
  File "/opt/hostedtoolcache/Python/3.13.4/x64/lib/python3.13/site-packages/requests/sessions.py", line 703, in send
    r = adapter.send(request, **kwargs)
  File "/opt/hostedtoolcache/Python/3.13.4/x64/lib/python3.13/site-packages/requests/adapters.py", line 713, in send
    raise ReadTimeout(e, request=request)
requests.exceptions.ReadTimeout: HTTPSConnectionPool(host='avherald.com', port=443): Read timed out. (read timeout=15)

无法提取文章内容，尝试直接生成摘要（可能会失败）
已完成第 96 篇文章的处理

正在处理第 97/100 篇文章: Animate a mesh across a sphere's surface
成功提取文章内容，长度: 7398 字符
已完成第 97 篇文章的处理

正在处理第 98/100 篇文章: James Florio Turned Patrick Dougherty's Sculptures into Stellar Photography
成功提取文章内容，长度: 9204 字符
已完成第 98 篇文章的处理

正在处理第 99/100 篇文章: Dubious Math in Infinite Jest (2009)
成功提取文章内容，长度: 7159 字符
已完成第 99 篇文章的处理

正在处理第 100/100 篇文章: Containerization is a Swift package for running Linux containers on macOS
成功提取文章内容，长度: 5540 字符
已完成第 100 篇文章的处理
README.md 更新完成
处理完成！
Generate summary end
commit&push start
