开始运行 Hacker News 文章摘要提取器...
正在获取 Hacker News 上的前 100 篇热门文章...
成功获取 100 篇文章

正在处理第 1/100 篇文章: WeatherStar 4000+: Weather Channel Simulator
成功提取文章内容，长度: 811 字符
已完成第 1 篇文章的处理

正在处理第 2/100 篇文章: Human coders are still better than LLMs
成功提取文章内容，长度: 39 字符
已完成第 2 篇文章的处理

正在处理第 3/100 篇文章: Show HN: I wrote a modern Command Line Handbook
成功提取文章内容，长度: 1981 字符
已完成第 3 篇文章的处理

正在处理第 4/100 篇文章: Learning C3
成功提取文章内容，长度: 15000 字符
已完成第 4 篇文章的处理

正在处理第 5/100 篇文章: Putting Rigid Bodies to Rest
成功提取文章内容，长度: 272 字符
已完成第 5 篇文章的处理

正在处理第 6/100 篇文章: The flip phone web: browsing with the original Opera Mini
成功提取文章内容，长度: 11959 字符
已完成第 6 篇文章的处理

正在处理第 7/100 篇文章: Infisical (YC W23) Is Hiring Full Stack Engineers (TypeScript) in US and Canada
成功提取文章内容，长度: 5441 字符
已完成第 7 篇文章的处理

正在处理第 8/100 篇文章: Nova: A JavaScript and WebAssembly engine written in Rust
成功提取文章内容，长度: 835 字符
已完成第 8 篇文章的处理

正在处理第 9/100 篇文章: Human coders are still better than LLMs
成功提取文章内容，长度: 39 字符
已完成第 9 篇文章的处理

正在处理第 10/100 篇文章: Gurus of 90s Web Design: Zeldman, Siegel, Nielsen
成功提取文章内容，长度: 12957 字符
已完成第 10 篇文章的处理

正在处理第 11/100 篇文章: My website is ugly because I made it
成功提取文章内容，长度: 3644 字符
已完成第 11 篇文章的处理

正在处理第 12/100 篇文章: Civil War in 3D: Stereographs from the New-York Historical Society (2015)
成功提取文章内容，长度: 10205 字符
已完成第 12 篇文章的处理

正在处理第 13/100 篇文章: The key to a successful egg drop experiment? Drop it on its side
成功提取文章内容，长度: 7376 字符
已完成第 13 篇文章的处理

正在处理第 14/100 篇文章: A visual exploration of vector embeddings
成功提取文章内容，长度: 13027 字符
已完成第 14 篇文章的处理

正在处理第 15/100 篇文章: Simple programming language with offline usable browser IDE
成功提取文章内容，长度: 35 字符
已完成第 15 篇文章的处理

正在处理第 16/100 篇文章: The Maid Who Restored Charles II
成功提取文章内容，长度: 15000 字符
已完成第 16 篇文章的处理

正在处理第 17/100 篇文章: The Polymarket users betting on when Jesus will return
成功提取文章内容，长度: 8076 字符
已完成第 17 篇文章的处理

正在处理第 18/100 篇文章: I started a little math club in Bangalore
成功提取文章内容，长度: 1556 字符
已完成第 18 篇文章的处理

正在处理第 19/100 篇文章: Show HN: Typed-FFmpeg 3.0–Typed Interface to FFmpeg and Visual Filter Editor
成功提取文章内容，长度: 5019 字符
已完成第 19 篇文章的处理

正在处理第 20/100 篇文章: Show HN: Weather2Geo – Geolocate screenshots from weather widgets
成功提取文章内容，长度: 1884 字符
已完成第 20 篇文章的处理

正在处理第 21/100 篇文章: Edamagit: Magit for VSCode
成功提取文章内容，长度: 3765 字符
已完成第 21 篇文章的处理

正在处理第 22/100 篇文章: Show HN: I made a Zero-config tool to visualize your code
成功提取文章内容，长度: 244 字符
已完成第 22 篇文章的处理

正在处理第 23/100 篇文章: Run a C# file directly using dotnet run app.cs
成功提取文章内容，长度: 7222 字符
已完成第 23 篇文章的处理

正在处理第 24/100 篇文章: Show HN: Porting Terraria and Celeste to WebAssembly
成功提取文章内容，长度: 15000 字符
已完成第 24 篇文章的处理

正在处理第 25/100 篇文章: High-quality OLED displays now enabling integrated thin and multichannel audio
获取文章失败，状态码: 405
无法提取文章内容，尝试直接生成摘要（可能会失败）
已完成第 25 篇文章的处理

正在处理第 26/100 篇文章: Long live American Science and Surplus
获取文章失败，状态码: 403
无法提取文章内容，尝试直接生成摘要（可能会失败）
已完成第 26 篇文章的处理

正在处理第 27/100 篇文章: From Finite Integral Domains to Finite Fields
成功提取文章内容，长度: 9831 字符
已完成第 27 篇文章的处理

正在处理第 28/100 篇文章: ClickHouse raises $350M Series C
成功提取文章内容，长度: 6347 字符
已完成第 28 篇文章的处理

正在处理第 29/100 篇文章: The Art of the Critic
成功提取文章内容，长度: 14961 字符
已完成第 29 篇文章的处理

正在处理第 30/100 篇文章: Domain Adaptation of Base Models + ShadowdarkQA Bench
成功提取文章内容，长度: 15000 字符
已完成第 30 篇文章的处理

正在处理第 31/100 篇文章: Japan Post launches 'digital address' system
成功提取文章内容，长度: 3468 字符
已完成第 31 篇文章的处理

正在处理第 32/100 篇文章: RSyncUI – A SwiftUI based macOS GUI for rsync
成功提取文章内容，长度: 1165 字符
已完成第 32 篇文章的处理

正在处理第 33/100 篇文章: A toy RTOS inside Super Mario Bros. using emulator save states
成功提取文章内容，长度: 15000 字符
已完成第 33 篇文章的处理

正在处理第 34/100 篇文章: The Tariffs Are Illegal
获取文章失败，状态码: 403
无法提取文章内容，尝试直接生成摘要（可能会失败）
已完成第 34 篇文章的处理

正在处理第 35/100 篇文章: Compiler Explorer and the promise of URLs that last forever
成功提取文章内容，长度: 5533 字符
已完成第 35 篇文章的处理

正在处理第 36/100 篇文章: What If We Had Bigger Brains? Imagining Minds Beyond Ours
成功提取文章内容，长度: 15000 字符
已完成第 36 篇文章的处理

正在处理第 37/100 篇文章: Why Is Everybody Knitting Chickens?
成功提取文章内容，长度: 4868 字符
已完成第 37 篇文章的处理

正在处理第 38/100 篇文章: Chimps strike stones against trees as communication, study suggests
成功提取文章内容，长度: 3329 字符
已完成第 38 篇文章的处理

正在处理第 39/100 篇文章: Walkers' Sensations Poppadoms vs. HMRC: The Chip of Theseus
成功提取文章内容，长度: 14674 字符
已完成第 39 篇文章的处理

正在处理第 40/100 篇文章: Visualize and debug Rust programs with a new lens
成功提取文章内容，长度: 111 字符
已完成第 40 篇文章的处理

正在处理第 41/100 篇文章: HTAP is Dead
成功提取文章内容，长度: 6081 字符
已完成第 41 篇文章的处理

正在处理第 42/100 篇文章: What does “Undecidable” mean, anyway
成功提取文章内容，长度: 10084 字符
已完成第 42 篇文章的处理

正在处理第 43/100 篇文章: Compiling a neural net to C for a speedup
成功提取文章内容，长度: 15000 字符
已完成第 43 篇文章的处理

正在处理第 44/100 篇文章: Apollo Lunar Surface Journal
成功提取文章内容，长度: 3357 字符
已完成第 44 篇文章的处理

正在处理第 45/100 篇文章: Show HN: Tesseral – Open-Source Auth
成功提取文章内容，长度: 6809 字符
已完成第 45 篇文章的处理

正在处理第 46/100 篇文章: Grass Rendering Series
成功提取文章内容，长度: 4660 字符
已完成第 46 篇文章的处理

正在处理第 47/100 篇文章: A Visual History of Chessmen
成功提取文章内容，长度: 233 字符
已完成第 47 篇文章的处理

正在处理第 48/100 篇文章: Why are rice prices still high?
成功提取文章内容，长度: 2696 字符
已完成第 48 篇文章的处理

正在处理第 49/100 篇文章: Asus router backdoors affect 9K devices, persist after firmware updates
成功提取文章内容，长度: 3568 字符
已完成第 49 篇文章的处理

正在处理第 50/100 篇文章: Basic for the Raspberry Pi Pico and Pico 2
成功提取文章内容，长度: 9708 字符
已完成第 50 篇文章的处理

正在处理第 51/100 篇文章: Unlocking Ractors: class instance variables in Ruby
成功提取文章内容，长度: 15000 字符
已完成第 51 篇文章的处理

正在处理第 52/100 篇文章: Show HN: I rewrote my Mac Electron app in Rust
成功提取文章内容，长度: 6148 字符
已完成第 52 篇文章的处理

正在处理第 53/100 篇文章: What programmers should know about how CPUs work [video]
成功提取文章内容，长度: 89 字符
已完成第 53 篇文章的处理

正在处理第 54/100 篇文章: A thought on JavaScript "proof of work" anti-scraper systems
成功提取文章内容，长度: 1745 字符
已完成第 54 篇文章的处理

正在处理第 55/100 篇文章: Red Hat Ansible and HashiCorp Terraform Will Be Coming Together
成功提取文章内容，长度: 6252 字符
已完成第 55 篇文章的处理

正在处理第 56/100 篇文章: YAD: display graphical dialogs from shell scripts or command line
无法提取文章内容，尝试直接生成摘要（可能会失败）
已完成第 56 篇文章的处理

正在处理第 57/100 篇文章: Deepseek R1-0528
成功提取文章内容，长度: 42 字符
已完成第 57 篇文章的处理

正在处理第 58/100 篇文章: Asus routers are being hit with stealthy, persistent backdoors
成功提取文章内容，长度: 3826 字符
已完成第 58 篇文章的处理

正在处理第 59/100 篇文章: Nobel Laureate Daron Acemoglu: Don't Believe the AI Hype
成功提取文章内容，长度: 7816 字符
已完成第 59 篇文章的处理

正在处理第 60/100 篇文章: Show HN: Entropy – Sharing screen is scary in SaaS age
成功提取文章内容，长度: 2360 字符
已完成第 60 篇文章的处理

正在处理第 61/100 篇文章: Getting a Cease and Desist from Waffle House
成功提取文章内容，长度: 6944 字符
已完成第 61 篇文章的处理

正在处理第 62/100 篇文章: Data Breach at LexisNexis Risk Solutions
获取文章失败，状态码: 403
无法提取文章内容，尝试直接生成摘要（可能会失败）
已完成第 62 篇文章的处理

正在处理第 63/100 篇文章: Show HN: Lazy Tetris
成功提取文章内容，长度: 11 字符
已完成第 63 篇文章的处理

正在处理第 64/100 篇文章: As a developer, my most important tools are a pen and a notebook
无法提取文章内容，尝试直接生成摘要（可能会失败）
已完成第 64 篇文章的处理

正在处理第 65/100 篇文章: Derek Muller Confronts PFAS "Forever Chemicals"–In His Own Blood
成功提取文章内容，长度: 15000 字符
已完成第 65 篇文章的处理

正在处理第 66/100 篇文章: DWARF as a Shared Reverse Engineering Format
成功提取文章内容，长度: 6481 字符
已完成第 66 篇文章的处理

正在处理第 67/100 篇文章: Mullvad Leta
成功提取文章内容，长度: 12 字符
已完成第 67 篇文章的处理

正在处理第 68/100 篇文章: A Song of “Full Self-Driving”
成功提取文章内容，长度: 15000 字符
已完成第 68 篇文章的处理

正在处理第 69/100 篇文章: Square Theory
成功提取文章内容，长度: 15000 字符
已完成第 69 篇文章的处理

正在处理第 70/100 篇文章: Breaking the Sorting Barrier for Directed Single-Source Shortest Paths
成功提取文章内容，长度: 3314 字符
已完成第 70 篇文章的处理

正在处理第 71/100 篇文章: Implementing complex numbers and FFT with just datatypes (2023)
成功提取文章内容，长度: 15000 字符
已完成第 71 篇文章的处理

正在处理第 72/100 篇文章: US Trade Court finds Trump tariffs illegal
获取文章失败，状态码: 403
无法提取文章内容，尝试直接生成摘要（可能会失败）
已完成第 72 篇文章的处理

正在处理第 73/100 篇文章: The Times and Amazon Announce an A.I. Licensing Deal
成功提取文章内容，长度: 2229 字符
已完成第 73 篇文章的处理

正在处理第 74/100 篇文章: Show HN: My LLM CLI tool can run tools now, from Python code or plugins
成功提取文章内容，长度: 14630 字符
已完成第 74 篇文章的处理

正在处理第 75/100 篇文章: xAI to pay telegram $300M to integrate Grok into the chat app
成功提取文章内容，长度: 2948 字符
已完成第 75 篇文章的处理

正在处理第 76/100 篇文章: CSS Minecraft
无法提取文章内容，尝试直接生成摘要（可能会失败）
已完成第 76 篇文章的处理

正在处理第 77/100 篇文章: The Blowtorch Theory: A new model for structure formation in the universe
成功提取文章内容，长度: 15000 字符
已完成第 77 篇文章的处理

正在处理第 78/100 篇文章: Building interactive web pages with Guile Hoot
成功提取文章内容，长度: 15000 字符
已完成第 78 篇文章的处理

正在处理第 79/100 篇文章: US cancels funding for Moderna bird flu vaccine
获取文章失败，状态码: 401
无法提取文章内容，尝试直接生成摘要（可能会失败）
已完成第 79 篇文章的处理

正在处理第 80/100 篇文章: Show HN: Loodio 2 – A Simple Rechargable Bathroom Privacy Device
成功提取文章内容，长度: 189 字符
已完成第 80 篇文章的处理

正在处理第 81/100 篇文章: The anomalous magnetic moment of the muon in the Standard Model: an update
成功提取文章内容，长度: 8297 字符
已完成第 81 篇文章的处理

正在处理第 82/100 篇文章: LLM codegen go brrr – Parallelization with Git worktrees and tmux
成功提取文章内容，长度: 85 字符
已完成第 82 篇文章的处理

正在处理第 83/100 篇文章: Show HN: PgDog – Shard Postgres without extensions
成功提取文章内容，长度: 6231 字符
已完成第 83 篇文章的处理

正在处理第 84/100 篇文章: The EU Startup and Scaleup Strategy
成功提取文章内容，长度: 15000 字符
已完成第 84 篇文章的处理

正在处理第 85/100 篇文章: The length of file names in early Unix
成功提取文章内容，长度: 1745 字符
已完成第 85 篇文章的处理

正在处理第 86/100 篇文章: Cory Doctorow on how we lost the internet
成功提取文章内容，长度: 15000 字符
已完成第 86 篇文章的处理

正在处理第 87/100 篇文章: Prohibition and ice cream in the US Navy
成功提取文章内容，长度: 3368 字符
已完成第 87 篇文章的处理

正在处理第 88/100 篇文章: Concatenative programming and stack-based languages (2023) [video]
成功提取文章内容，长度: 89 字符
已完成第 88 篇文章的处理

正在处理第 89/100 篇文章: Revisiting the algorithm that changed horse race betting (2023)
成功提取文章内容，长度: 15000 字符
已完成第 89 篇文章的处理

正在处理第 90/100 篇文章: Chairs, Chairs, Chairs
获取文章失败，状态码: 403
无法提取文章内容，尝试直接生成摘要（可能会失败）
已完成第 90 篇文章的处理

正在处理第 91/100 篇文章: The hunt for mysterious 'Planet Nine' offers up a surprise
成功提取文章内容，长度: 5058 字符
已完成第 91 篇文章的处理

正在处理第 92/100 篇文章: Homo erectus from the seabed, new archaeological discoveries in Indonesia
成功提取文章内容，长度: 4604 字符
已完成第 92 篇文章的处理

正在处理第 93/100 篇文章: Designing Tools for Scientific Thought
成功提取文章内容，长度: 15000 字符
已完成第 93 篇文章的处理

正在处理第 94/100 篇文章: Space Selfie
获取文章失败，状态码: 403
无法提取文章内容，尝试直接生成摘要（可能会失败）
已完成第 94 篇文章的处理

正在处理第 95/100 篇文章: Harrison Ruffin Tyler, grandson of 10th U.S. president, has died
成功提取文章内容，长度: 3727 字符
已完成第 95 篇文章的处理

正在处理第 96/100 篇文章: I taught my 3-year-old to read like a 9-year-old
成功提取文章内容，长度: 15000 字符
已完成第 96 篇文章的处理

正在处理第 97/100 篇文章: AI video you can watch and interact with, in real-time
成功提取文章内容，长度: 17 字符
已完成第 97 篇文章的处理

正在处理第 98/100 篇文章: The mysterious Gobi wall uncovered
成功提取文章内容，长度: 4251 字符
已完成第 98 篇文章的处理

正在处理第 99/100 篇文章: 3D Simulation of the Bombe Machine
提取文章内容时出错: HTTPSConnectionPool(host='bombe.virtualcolossus.co.uk', port=443): Max retries exceeded with url: /bombe/ (Caused by SSLError(SSLCertVerificationError(1, '[SSL: CERTIFICATE_VERIFY_FAILED] certificate verify failed: unable to get local issuer certificate (_ssl.c:1028)')))
错误类型: SSLError
错误详情: Traceback (most recent call last):
  File "/opt/hostedtoolcache/Python/3.13.3/x64/lib/python3.13/site-packages/urllib3/connectionpool.py", line 464, in _make_request
    self._validate_conn(conn)
    ~~~~~~~~~~~~~~~~~~~^^^^^^
  File "/opt/hostedtoolcache/Python/3.13.3/x64/lib/python3.13/site-packages/urllib3/connectionpool.py", line 1093, in _validate_conn
    conn.connect()
    ~~~~~~~~~~~~^^
  File "/opt/hostedtoolcache/Python/3.13.3/x64/lib/python3.13/site-packages/urllib3/connection.py", line 741, in connect
    sock_and_verified = _ssl_wrap_socket_and_match_hostname(
        sock=sock,
    ...<14 lines>...
        assert_fingerprint=self.assert_fingerprint,
    )
  File "/opt/hostedtoolcache/Python/3.13.3/x64/lib/python3.13/site-packages/urllib3/connection.py", line 920, in _ssl_wrap_socket_and_match_hostname
    ssl_sock = ssl_wrap_socket(
        sock=sock,
    ...<8 lines>...
        tls_in_tls=tls_in_tls,
    )
  File "/opt/hostedtoolcache/Python/3.13.3/x64/lib/python3.13/site-packages/urllib3/util/ssl_.py", line 480, in ssl_wrap_socket
    ssl_sock = _ssl_wrap_socket_impl(sock, context, tls_in_tls, server_hostname)
  File "/opt/hostedtoolcache/Python/3.13.3/x64/lib/python3.13/site-packages/urllib3/util/ssl_.py", line 524, in _ssl_wrap_socket_impl
    return ssl_context.wrap_socket(sock, server_hostname=server_hostname)
           ~~~~~~~~~~~~~~~~~~~~~~~^^^^^^^^^^^^^^^^^^^^^^^^^^^^^^^^^^^^^^^
  File "/opt/hostedtoolcache/Python/3.13.3/x64/lib/python3.13/ssl.py", line 455, in wrap_socket
    return self.sslsocket_class._create(
           ~~~~~~~~~~~~~~~~~~~~~~~~~~~~^
        sock=sock,
        ^^^^^^^^^^
    ...<5 lines>...
        session=session
        ^^^^^^^^^^^^^^^
    )
    ^
  File "/opt/hostedtoolcache/Python/3.13.3/x64/lib/python3.13/ssl.py", line 1076, in _create
    self.do_handshake()
    ~~~~~~~~~~~~~~~~~^^
  File "/opt/hostedtoolcache/Python/3.13.3/x64/lib/python3.13/ssl.py", line 1372, in do_handshake
    self._sslobj.do_handshake()
    ~~~~~~~~~~~~~~~~~~~~~~~~~^^
ssl.SSLCertVerificationError: [SSL: CERTIFICATE_VERIFY_FAILED] certificate verify failed: unable to get local issuer certificate (_ssl.c:1028)

During handling of the above exception, another exception occurred:

Traceback (most recent call last):
  File "/opt/hostedtoolcache/Python/3.13.3/x64/lib/python3.13/site-packages/urllib3/connectionpool.py", line 787, in urlopen
    response = self._make_request(
        conn,
    ...<10 lines>...
        **response_kw,
    )
  File "/opt/hostedtoolcache/Python/3.13.3/x64/lib/python3.13/site-packages/urllib3/connectionpool.py", line 488, in _make_request
    raise new_e
urllib3.exceptions.SSLError: [SSL: CERTIFICATE_VERIFY_FAILED] certificate verify failed: unable to get local issuer certificate (_ssl.c:1028)

The above exception was the direct cause of the following exception:

Traceback (most recent call last):
  File "/opt/hostedtoolcache/Python/3.13.3/x64/lib/python3.13/site-packages/requests/adapters.py", line 667, in send
    resp = conn.urlopen(
        method=request.method,
    ...<9 lines>...
        chunked=chunked,
    )
  File "/opt/hostedtoolcache/Python/3.13.3/x64/lib/python3.13/site-packages/urllib3/connectionpool.py", line 841, in urlopen
    retries = retries.increment(
        method, url, error=new_e, _pool=self, _stacktrace=sys.exc_info()[2]
    )
  File "/opt/hostedtoolcache/Python/3.13.3/x64/lib/python3.13/site-packages/urllib3/util/retry.py", line 519, in increment
    raise MaxRetryError(_pool, url, reason) from reason  # type: ignore[arg-type]
    ^^^^^^^^^^^^^^^^^^^^^^^^^^^^^^^^^^^^^^^^^^^^^^^^^^^
urllib3.exceptions.MaxRetryError: HTTPSConnectionPool(host='bombe.virtualcolossus.co.uk', port=443): Max retries exceeded with url: /bombe/ (Caused by SSLError(SSLCertVerificationError(1, '[SSL: CERTIFICATE_VERIFY_FAILED] certificate verify failed: unable to get local issuer certificate (_ssl.c:1028)')))

During handling of the above exception, another exception occurred:

Traceback (most recent call last):
  File "/home/runner/work/hacker-news-summarizer/hacker-news-summarizer/main.py", line 84, in extract_article_content
    response = requests.get(url, headers=headers, timeout=15)
  File "/opt/hostedtoolcache/Python/3.13.3/x64/lib/python3.13/site-packages/requests/api.py", line 73, in get
    return request("get", url, params=params, **kwargs)
  File "/opt/hostedtoolcache/Python/3.13.3/x64/lib/python3.13/site-packages/requests/api.py", line 59, in request
    return session.request(method=method, url=url, **kwargs)
           ~~~~~~~~~~~~~~~^^^^^^^^^^^^^^^^^^^^^^^^^^^^^^^^^^
  File "/opt/hostedtoolcache/Python/3.13.3/x64/lib/python3.13/site-packages/requests/sessions.py", line 589, in request
    resp = self.send(prep, **send_kwargs)
  File "/opt/hostedtoolcache/Python/3.13.3/x64/lib/python3.13/site-packages/requests/sessions.py", line 703, in send
    r = adapter.send(request, **kwargs)
  File "/opt/hostedtoolcache/Python/3.13.3/x64/lib/python3.13/site-packages/requests/adapters.py", line 698, in send
    raise SSLError(e, request=request)
requests.exceptions.SSLError: HTTPSConnectionPool(host='bombe.virtualcolossus.co.uk', port=443): Max retries exceeded with url: /bombe/ (Caused by SSLError(SSLCertVerificationError(1, '[SSL: CERTIFICATE_VERIFY_FAILED] certificate verify failed: unable to get local issuer certificate (_ssl.c:1028)')))

无法提取文章内容，尝试直接生成摘要（可能会失败）
已完成第 99 篇文章的处理

正在处理第 100/100 篇文章: The Crafters of "Andor"
成功提取文章内容，长度: 4600 字符
已完成第 100 篇文章的处理
README.md 更新完成
处理完成！
Generate summary end
commit&push start
