开始运行 Hacker News 文章摘要提取器...
正在获取 Hacker News 上的前 100 篇热门文章...
成功获取 100 篇文章

正在处理第 1/100 篇文章: OpenAI to buy AI startup from Apple veteran Jony Ive
获取文章失败，状态码: 403
无法提取文章内容，尝试直接生成摘要（可能会失败）
已完成第 1 篇文章的处理

正在处理第 2/100 篇文章: Animated Factorization
成功提取文章内容，长度: 52 字符
已完成第 2 篇文章的处理

正在处理第 3/100 篇文章: Introducing the Llama Startup Program
获取文章失败，状态码: 400
无法提取文章内容，尝试直接生成摘要（可能会失败）
已完成第 3 篇文章的处理

正在处理第 4/100 篇文章: Collaborative Text Editing Without CRDTs or OT
成功提取文章内容，长度: 15000 字符
已完成第 4 篇文章的处理

正在处理第 5/100 篇文章: Show HN: Evolved.lua – An Evolved Entity Component System for Lua
成功提取文章内容，长度: 15000 字符
已完成第 5 篇文章的处理

正在处理第 6/100 篇文章: Harper (YC W25) Is Hiring Applied AI / AI Context Engineers and Data Scientist
成功提取文章内容，长度: 714 字符
已完成第 6 篇文章的处理

正在处理第 7/100 篇文章: 'Turbocharged' Mitochondria Power Birds' Epic Migratory Journeys
成功提取文章内容，长度: 15000 字符
已完成第 7 篇文章的处理

正在处理第 8/100 篇文章: Lune: Standalone Luau Runtime
成功提取文章内容，长度: 1108 字符
已完成第 8 篇文章的处理

正在处理第 9/100 篇文章: Building my own solar power system
成功提取文章内容，长度: 15000 字符
已完成第 9 篇文章的处理

正在处理第 10/100 篇文章: Link Time Optimizations: New Way to Do Compiler Optimizations
成功提取文章内容，长度: 14120 字符
已完成第 10 篇文章的处理

正在处理第 11/100 篇文章: Mitochondria Are More Than Powerhouses–They're the Motherboard of the Cell
成功提取文章内容，长度: 15000 字符
已完成第 11 篇文章的处理

正在处理第 12/100 篇文章: New tools and features in the Responses API
获取文章失败，状态码: 403
无法提取文章内容，尝试直接生成摘要（可能会失败）
已完成第 12 篇文章的处理

正在处理第 13/100 篇文章: Goethe's Faustian Life
成功提取文章内容，长度: 12419 字符
已完成第 13 篇文章的处理

正在处理第 14/100 篇文章: What Is the Difference Between a Block, a Proc, and a Lambda in Ruby? (2013)
成功提取文章内容，长度: 5720 字符
已完成第 14 篇文章的处理

正在处理第 15/100 篇文章: Discord Unveiled: A Comprehensive Dataset of Public Communication (2015-2024)
成功提取文章内容，长度: 4686 字符
已完成第 15 篇文章的处理

正在处理第 16/100 篇文章: Veo 3 and Imagen 4, and a new tool for filmmaking called Flow
成功提取文章内容，长度: 6414 字符
已完成第 16 篇文章的处理

正在处理第 17/100 篇文章: Show HN: Trendly AI – Trend detection across 42 languages
成功提取文章内容，长度: 6577 字符
已完成第 17 篇文章的处理

正在处理第 18/100 篇文章: Gemma 3n preview: Mobile-first AI
成功提取文章内容，长度: 7245 字符
已完成第 18 篇文章的处理

正在处理第 19/100 篇文章: “ZLinq”, a Zero-Allocation LINQ Library for .NET
成功提取文章内容，长度: 15000 字符
已完成第 19 篇文章的处理

正在处理第 20/100 篇文章: Overview of the Ada Computer Language Competition (1979)
提取文章内容时出错: HTTPSConnectionPool(host='iment.com', port=443): Max retries exceeded with url: /maida/computer/redref/ (Caused by SSLError(SSLCertVerificationError(1, '[SSL: CERTIFICATE_VERIFY_FAILED] certificate verify failed: unable to get local issuer certificate (_ssl.c:1028)')))
错误类型: SSLError
错误详情: Traceback (most recent call last):
  File "/opt/hostedtoolcache/Python/3.13.3/x64/lib/python3.13/site-packages/urllib3/connectionpool.py", line 464, in _make_request
    self._validate_conn(conn)
    ~~~~~~~~~~~~~~~~~~~^^^^^^
  File "/opt/hostedtoolcache/Python/3.13.3/x64/lib/python3.13/site-packages/urllib3/connectionpool.py", line 1093, in _validate_conn
    conn.connect()
    ~~~~~~~~~~~~^^
  File "/opt/hostedtoolcache/Python/3.13.3/x64/lib/python3.13/site-packages/urllib3/connection.py", line 741, in connect
    sock_and_verified = _ssl_wrap_socket_and_match_hostname(
        sock=sock,
    ...<14 lines>...
        assert_fingerprint=self.assert_fingerprint,
    )
  File "/opt/hostedtoolcache/Python/3.13.3/x64/lib/python3.13/site-packages/urllib3/connection.py", line 920, in _ssl_wrap_socket_and_match_hostname
    ssl_sock = ssl_wrap_socket(
        sock=sock,
    ...<8 lines>...
        tls_in_tls=tls_in_tls,
    )
  File "/opt/hostedtoolcache/Python/3.13.3/x64/lib/python3.13/site-packages/urllib3/util/ssl_.py", line 480, in ssl_wrap_socket
    ssl_sock = _ssl_wrap_socket_impl(sock, context, tls_in_tls, server_hostname)
  File "/opt/hostedtoolcache/Python/3.13.3/x64/lib/python3.13/site-packages/urllib3/util/ssl_.py", line 524, in _ssl_wrap_socket_impl
    return ssl_context.wrap_socket(sock, server_hostname=server_hostname)
           ~~~~~~~~~~~~~~~~~~~~~~~^^^^^^^^^^^^^^^^^^^^^^^^^^^^^^^^^^^^^^^
  File "/opt/hostedtoolcache/Python/3.13.3/x64/lib/python3.13/ssl.py", line 455, in wrap_socket
    return self.sslsocket_class._create(
           ~~~~~~~~~~~~~~~~~~~~~~~~~~~~^
        sock=sock,
        ^^^^^^^^^^
    ...<5 lines>...
        session=session
        ^^^^^^^^^^^^^^^
    )
    ^
  File "/opt/hostedtoolcache/Python/3.13.3/x64/lib/python3.13/ssl.py", line 1076, in _create
    self.do_handshake()
    ~~~~~~~~~~~~~~~~~^^
  File "/opt/hostedtoolcache/Python/3.13.3/x64/lib/python3.13/ssl.py", line 1372, in do_handshake
    self._sslobj.do_handshake()
    ~~~~~~~~~~~~~~~~~~~~~~~~~^^
ssl.SSLCertVerificationError: [SSL: CERTIFICATE_VERIFY_FAILED] certificate verify failed: unable to get local issuer certificate (_ssl.c:1028)

During handling of the above exception, another exception occurred:

Traceback (most recent call last):
  File "/opt/hostedtoolcache/Python/3.13.3/x64/lib/python3.13/site-packages/urllib3/connectionpool.py", line 787, in urlopen
    response = self._make_request(
        conn,
    ...<10 lines>...
        **response_kw,
    )
  File "/opt/hostedtoolcache/Python/3.13.3/x64/lib/python3.13/site-packages/urllib3/connectionpool.py", line 488, in _make_request
    raise new_e
urllib3.exceptions.SSLError: [SSL: CERTIFICATE_VERIFY_FAILED] certificate verify failed: unable to get local issuer certificate (_ssl.c:1028)

The above exception was the direct cause of the following exception:

Traceback (most recent call last):
  File "/opt/hostedtoolcache/Python/3.13.3/x64/lib/python3.13/site-packages/requests/adapters.py", line 667, in send
    resp = conn.urlopen(
        method=request.method,
    ...<9 lines>...
        chunked=chunked,
    )
  File "/opt/hostedtoolcache/Python/3.13.3/x64/lib/python3.13/site-packages/urllib3/connectionpool.py", line 841, in urlopen
    retries = retries.increment(
        method, url, error=new_e, _pool=self, _stacktrace=sys.exc_info()[2]
    )
  File "/opt/hostedtoolcache/Python/3.13.3/x64/lib/python3.13/site-packages/urllib3/util/retry.py", line 519, in increment
    raise MaxRetryError(_pool, url, reason) from reason  # type: ignore[arg-type]
    ^^^^^^^^^^^^^^^^^^^^^^^^^^^^^^^^^^^^^^^^^^^^^^^^^^^
urllib3.exceptions.MaxRetryError: HTTPSConnectionPool(host='iment.com', port=443): Max retries exceeded with url: /maida/computer/redref/ (Caused by SSLError(SSLCertVerificationError(1, '[SSL: CERTIFICATE_VERIFY_FAILED] certificate verify failed: unable to get local issuer certificate (_ssl.c:1028)')))

During handling of the above exception, another exception occurred:

Traceback (most recent call last):
  File "/home/runner/work/hacker-news-summarizer/hacker-news-summarizer/main.py", line 84, in extract_article_content
    response = requests.get(url, headers=headers, timeout=15)
  File "/opt/hostedtoolcache/Python/3.13.3/x64/lib/python3.13/site-packages/requests/api.py", line 73, in get
    return request("get", url, params=params, **kwargs)
  File "/opt/hostedtoolcache/Python/3.13.3/x64/lib/python3.13/site-packages/requests/api.py", line 59, in request
    return session.request(method=method, url=url, **kwargs)
           ~~~~~~~~~~~~~~~^^^^^^^^^^^^^^^^^^^^^^^^^^^^^^^^^^
  File "/opt/hostedtoolcache/Python/3.13.3/x64/lib/python3.13/site-packages/requests/sessions.py", line 589, in request
    resp = self.send(prep, **send_kwargs)
  File "/opt/hostedtoolcache/Python/3.13.3/x64/lib/python3.13/site-packages/requests/sessions.py", line 703, in send
    r = adapter.send(request, **kwargs)
  File "/opt/hostedtoolcache/Python/3.13.3/x64/lib/python3.13/site-packages/requests/adapters.py", line 698, in send
    raise SSLError(e, request=request)
requests.exceptions.SSLError: HTTPSConnectionPool(host='iment.com', port=443): Max retries exceeded with url: /maida/computer/redref/ (Caused by SSLError(SSLCertVerificationError(1, '[SSL: CERTIFICATE_VERIFY_FAILED] certificate verify failed: unable to get local issuer certificate (_ssl.c:1028)')))

无法提取文章内容，尝试直接生成摘要（可能会失败）
已完成第 20 篇文章的处理

正在处理第 21/100 篇文章: Litestream: Revamped
成功提取文章内容，长度: 8531 字符
已完成第 21 篇文章的处理

正在处理第 22/100 篇文章: Convolutions, Polynomials and Flipped Kernels
成功提取文章内容，长度: 11660 字符
已完成第 22 篇文章的处理

正在处理第 23/100 篇文章: What makes a good engineer also makes a good engineering organization (2024)
成功提取文章内容，长度: 15000 字符
已完成第 23 篇文章的处理

正在处理第 24/100 篇文章: The US has a new most powerful laser hitting 2 petawatts
成功提取文章内容，长度: 9583 字符
已完成第 24 篇文章的处理

正在处理第 25/100 篇文章: Devstral
成功提取文章内容，长度: 3729 字符
已完成第 25 篇文章的处理

正在处理第 26/100 篇文章: Deep Learning Is Applied Topology
获取文章失败，状态码: 403
无法提取文章内容，尝试直接生成摘要（可能会失败）
已完成第 26 篇文章的处理

正在处理第 27/100 篇文章: Writing into Uninitialized Buffers in Rust
成功提取文章内容，长度: 7605 字符
已完成第 27 篇文章的处理

正在处理第 28/100 篇文章: AI's energy footprint
成功提取文章内容，长度: 15000 字符
已完成第 28 篇文章的处理

正在处理第 29/100 篇文章: The NSA Selector
成功提取文章内容，长度: 3921 字符
已完成第 29 篇文章的处理

正在处理第 30/100 篇文章: Clojuring the web application stack: Meditation One
成功提取文章内容，长度: 15000 字符
已完成第 30 篇文章的处理

正在处理第 31/100 篇文章: Why does the U.S. always run a trade deficit?
成功提取文章内容，长度: 8256 字符
已完成第 31 篇文章的处理

正在处理第 32/100 篇文章: Withnail and I (2001)
获取文章失败，状态码: 403
无法提取文章内容，尝试直接生成摘要（可能会失败）
已完成第 32 篇文章的处理

正在处理第 33/100 篇文章: Roto: A Compiled Scripting Language for Rust
成功提取文章内容，长度: 4882 字符
已完成第 33 篇文章的处理

正在处理第 34/100 篇文章: Show HN: 90s.dev – Game maker that runs on the web
成功提取文章内容，长度: 7554 字符
已完成第 34 篇文章的处理

正在处理第 35/100 篇文章: My favourite fonts to use with LaTeX (2022)
成功提取文章内容，长度: 15000 字符
已完成第 35 篇文章的处理

正在处理第 36/100 篇文章: A Secret Trove of Rare Guitars Heads to the Met
成功提取文章内容，长度: 15000 字符
已完成第 36 篇文章的处理

正在处理第 37/100 篇文章: Building an agentic image generator that improves itself
成功提取文章内容，长度: 10944 字符
已完成第 37 篇文章的处理

正在处理第 38/100 篇文章: The Dawn of Nvidia's Technology
成功提取文章内容，长度: 15000 字符
已完成第 38 篇文章的处理

正在处理第 39/100 篇文章: Red Programming Language
成功提取文章内容，长度: 2941 字符
已完成第 39 篇文章的处理

正在处理第 40/100 篇文章: Show HN: A Tiling Window Manager for Windows, Written in Janet
成功提取文章内容，长度: 782 字符
已完成第 40 篇文章的处理

正在处理第 41/100 篇文章: The Era of the Business Idiot
成功提取文章内容，长度: 15000 字符
已完成第 41 篇文章的处理

正在处理第 42/100 篇文章: Linguists find proof of sweeping language pattern once deemed a 'hoax'
成功提取文章内容，长度: 7357 字符
已完成第 42 篇文章的处理

正在处理第 43/100 篇文章: OpenAI Codex hands-on review
成功提取文章内容，长度: 6494 字符
已完成第 43 篇文章的处理

正在处理第 44/100 篇文章: GPS Needs to Toughen Up, or Get Trampled Down
成功提取文章内容，长度: 15000 字符
已完成第 44 篇文章的处理

正在处理第 45/100 篇文章: How "Andor" Injects Contemporary Politics into "Star Wars" I.P
成功提取文章内容，长度: 7426 字符
已完成第 45 篇文章的处理

正在处理第 46/100 篇文章: A simple search engine from scratch
成功提取文章内容，长度: 15000 字符
已完成第 46 篇文章的处理

正在处理第 47/100 篇文章: Watching AI drive Microsoft employees insane
获取文章失败，状态码: 403
无法提取文章内容，尝试直接生成摘要（可能会失败）
已完成第 47 篇文章的处理

正在处理第 48/100 篇文章: Semantic search engine for ArXiv, biorxiv and medrxiv
成功提取文章内容，长度: 218 字符
翻译时出错: 429 You exceeded your current quota, please check your plan and billing details. For more information on this error, head to: https://ai.google.dev/gemini-api/docs/rate-limits. [violations {
  quota_metric: "generativelanguage.googleapis.com/generate_content_free_tier_requests"
  quota_id: "GenerateRequestsPerMinutePerProjectPerModel-FreeTier"
  quota_dimensions {
    key: "model"
    value: "gemini-2.0-flash"
  }
  quota_dimensions {
    key: "location"
    value: "global"
  }
  quota_value: 15
}
, links {
  description: "Learn more about Gemini API quotas"
  url: "https://ai.google.dev/gemini-api/docs/rate-limits"
}
, retry_delay {
  seconds: 31
}
]
错误类型: ResourceExhausted
错误详情: 429 You exceeded your current quota, please check your plan and billing details. For more information on this error, head to: https://ai.google.dev/gemini-api/docs/rate-limits. [violations {
  quota_metric: "generativelanguage.googleapis.com/generate_content_free_tier_requests"
  quota_id: "GenerateRequestsPerMinutePerProjectPerModel-FreeTier"
  quota_dimensions {
    key: "model"
    value: "gemini-2.0-flash"
  }
  quota_dimensions {
    key: "location"
    value: "global"
  }
  quota_value: 15
}
, links {
  description: "Learn more about Gemini API quotas"
  url: "https://ai.google.dev/gemini-api/docs/rate-limits"
}
, retry_delay {
  seconds: 31
}
]
已完成第 48 篇文章的处理

正在处理第 49/100 篇文章: Taito-tastic: Kiki Kaikai and its Hardware
成功提取文章内容，长度: 8004 字符
已完成第 49 篇文章的处理

正在处理第 50/100 篇文章: Robin: A multi-agent system for automating scientific discovery
成功提取文章内容，长度: 4832 字符
已完成第 50 篇文章的处理

正在处理第 51/100 篇文章: Life before the web – Running a Startup in the 1980's (2016)
成功提取文章内容，长度: 15000 字符
已完成第 51 篇文章的处理

正在处理第 52/100 篇文章: Gail Wellington, former Commodore executive, has died
成功提取文章内容，长度: 7623 字符
已完成第 52 篇文章的处理

正在处理第 53/100 篇文章: The Windows Subsystem for Linux is now open source
成功提取文章内容，长度: 5245 字符
已完成第 53 篇文章的处理

正在处理第 54/100 篇文章: GPU-Driven Clustered Forward Renderer
成功提取文章内容，长度: 15000 字符
已完成第 54 篇文章的处理

正在处理第 55/100 篇文章: Show HN: Juvio – UV Kernel for Jupyter
成功提取文章内容，长度: 1890 字符
已完成第 55 篇文章的处理

正在处理第 56/100 篇文章: Proposal for Standardized JSX
成功提取文章内容，长度: 995 字符
已完成第 56 篇文章的处理

正在处理第 57/100 篇文章: Reports of Deno's Demise Have Been Greatly Exaggerated
成功提取文章内容，长度: 8483 字符
已完成第 57 篇文章的处理

正在处理第 58/100 篇文章: Show HN: Text to 3D simulation on a map (does history pretty well)
成功提取文章内容，长度: 46 字符
已完成第 58 篇文章的处理

正在处理第 59/100 篇文章: Advantages and Disadvantages of Windows 3.0
成功提取文章内容，长度: 12142 字符
已完成第 59 篇文章的处理

正在处理第 60/100 篇文章: The Last Letter
成功提取文章内容，长度: 15000 字符
已完成第 60 篇文章的处理

正在处理第 61/100 篇文章: Disabling kernel functions in your process (2009)
成功提取文章内容，长度: 13505 字符
已完成第 61 篇文章的处理

正在处理第 62/100 篇文章: Google is giving Amazon a leg up in digital book sales
提取文章内容时出错: HTTPSConnectionPool(host='www.washingtonpost.com', port=443): Read timed out. (read timeout=15)
错误类型: ReadTimeout
错误详情: Traceback (most recent call last):
  File "/opt/hostedtoolcache/Python/3.13.3/x64/lib/python3.13/site-packages/urllib3/connectionpool.py", line 534, in _make_request
    response = conn.getresponse()
  File "/opt/hostedtoolcache/Python/3.13.3/x64/lib/python3.13/site-packages/urllib3/connection.py", line 516, in getresponse
    httplib_response = super().getresponse()
  File "/opt/hostedtoolcache/Python/3.13.3/x64/lib/python3.13/http/client.py", line 1430, in getresponse
    response.begin()
    ~~~~~~~~~~~~~~^^
  File "/opt/hostedtoolcache/Python/3.13.3/x64/lib/python3.13/http/client.py", line 331, in begin
    version, status, reason = self._read_status()
                              ~~~~~~~~~~~~~~~~~^^
  File "/opt/hostedtoolcache/Python/3.13.3/x64/lib/python3.13/http/client.py", line 292, in _read_status
    line = str(self.fp.readline(_MAXLINE + 1), "iso-8859-1")
               ~~~~~~~~~~~~~~~~^^^^^^^^^^^^^^
  File "/opt/hostedtoolcache/Python/3.13.3/x64/lib/python3.13/socket.py", line 719, in readinto
    return self._sock.recv_into(b)
           ~~~~~~~~~~~~~~~~~~~~^^^
  File "/opt/hostedtoolcache/Python/3.13.3/x64/lib/python3.13/ssl.py", line 1304, in recv_into
    return self.read(nbytes, buffer)
           ~~~~~~~~~^^^^^^^^^^^^^^^^
  File "/opt/hostedtoolcache/Python/3.13.3/x64/lib/python3.13/ssl.py", line 1138, in read
    return self._sslobj.read(len, buffer)
           ~~~~~~~~~~~~~~~~~^^^^^^^^^^^^^
TimeoutError: The read operation timed out

The above exception was the direct cause of the following exception:

Traceback (most recent call last):
  File "/opt/hostedtoolcache/Python/3.13.3/x64/lib/python3.13/site-packages/requests/adapters.py", line 667, in send
    resp = conn.urlopen(
        method=request.method,
    ...<9 lines>...
        chunked=chunked,
    )
  File "/opt/hostedtoolcache/Python/3.13.3/x64/lib/python3.13/site-packages/urllib3/connectionpool.py", line 841, in urlopen
    retries = retries.increment(
        method, url, error=new_e, _pool=self, _stacktrace=sys.exc_info()[2]
    )
  File "/opt/hostedtoolcache/Python/3.13.3/x64/lib/python3.13/site-packages/urllib3/util/retry.py", line 474, in increment
    raise reraise(type(error), error, _stacktrace)
          ~~~~~~~^^^^^^^^^^^^^^^^^^^^^^^^^^^^^^^^^
  File "/opt/hostedtoolcache/Python/3.13.3/x64/lib/python3.13/site-packages/urllib3/util/util.py", line 39, in reraise
    raise value
  File "/opt/hostedtoolcache/Python/3.13.3/x64/lib/python3.13/site-packages/urllib3/connectionpool.py", line 787, in urlopen
    response = self._make_request(
        conn,
    ...<10 lines>...
        **response_kw,
    )
  File "/opt/hostedtoolcache/Python/3.13.3/x64/lib/python3.13/site-packages/urllib3/connectionpool.py", line 536, in _make_request
    self._raise_timeout(err=e, url=url, timeout_value=read_timeout)
    ~~~~~~~~~~~~~~~~~~~^^^^^^^^^^^^^^^^^^^^^^^^^^^^^^^^^^^^^^^^^^^^
  File "/opt/hostedtoolcache/Python/3.13.3/x64/lib/python3.13/site-packages/urllib3/connectionpool.py", line 367, in _raise_timeout
    raise ReadTimeoutError(
        self, url, f"Read timed out. (read timeout={timeout_value})"
    ) from err
urllib3.exceptions.ReadTimeoutError: HTTPSConnectionPool(host='www.washingtonpost.com', port=443): Read timed out. (read timeout=15)

During handling of the above exception, another exception occurred:

Traceback (most recent call last):
  File "/home/runner/work/hacker-news-summarizer/hacker-news-summarizer/main.py", line 84, in extract_article_content
    response = requests.get(url, headers=headers, timeout=15)
  File "/opt/hostedtoolcache/Python/3.13.3/x64/lib/python3.13/site-packages/requests/api.py", line 73, in get
    return request("get", url, params=params, **kwargs)
  File "/opt/hostedtoolcache/Python/3.13.3/x64/lib/python3.13/site-packages/requests/api.py", line 59, in request
    return session.request(method=method, url=url, **kwargs)
           ~~~~~~~~~~~~~~~^^^^^^^^^^^^^^^^^^^^^^^^^^^^^^^^^^
  File "/opt/hostedtoolcache/Python/3.13.3/x64/lib/python3.13/site-packages/requests/sessions.py", line 589, in request
    resp = self.send(prep, **send_kwargs)
  File "/opt/hostedtoolcache/Python/3.13.3/x64/lib/python3.13/site-packages/requests/sessions.py", line 703, in send
    r = adapter.send(request, **kwargs)
  File "/opt/hostedtoolcache/Python/3.13.3/x64/lib/python3.13/site-packages/requests/adapters.py", line 713, in send
    raise ReadTimeout(e, request=request)
requests.exceptions.ReadTimeout: HTTPSConnectionPool(host='www.washingtonpost.com', port=443): Read timed out. (read timeout=15)

无法提取文章内容，尝试直接生成摘要（可能会失败）
已完成第 62 篇文章的处理

正在处理第 63/100 篇文章: Google AI Ultra
成功提取文章内容，长度: 4081 字符
已完成第 63 篇文章的处理

正在处理第 64/100 篇文章: The value isn't in the code (2022)
成功提取文章内容，长度: 7844 字符
已完成第 64 篇文章的处理

正在处理第 65/100 篇文章: The Lisp in the Cellar: Dependent types that live upstairs [pdf]
成功提取文章内容，长度: 1277 字符
已完成第 65 篇文章的处理

正在处理第 66/100 篇文章: Making video games (without an engine) in 2025
成功提取文章内容，长度: 64 字符
已完成第 66 篇文章的处理

正在处理第 67/100 篇文章: Have I Been Pwned 2.0
无法提取文章内容，尝试直接生成摘要（可能会失败）
已完成第 67 篇文章的处理

正在处理第 68/100 篇文章: Compiling OCaml to the TI-84 CE Calculator
成功提取文章内容，长度: 5274 字符
已完成第 68 篇文章的处理

正在处理第 69/100 篇文章: LLM-D: Kubernetes-Native Distributed Inference
成功提取文章内容，长度: 13964 字符
已完成第 69 篇文章的处理

正在处理第 70/100 篇文章: What are people doing? Live-ish estimates based on global population dynamics
成功提取文章内容，长度: 210 字符
已完成第 70 篇文章的处理

正在处理第 71/100 篇文章: Using unwrap() in Rust is Okay (2022)
成功提取文章内容，长度: 15000 字符
已完成第 71 篇文章的处理

正在处理第 72/100 篇文章: Production tests: a guidebook for better systems and more sleep
成功提取文章内容，长度: 15000 字符
已完成第 72 篇文章的处理

正在处理第 73/100 篇文章: New stem cell model sheds light on human amniotic sac development
成功提取文章内容，长度: 6529 字符
已完成第 73 篇文章的处理

正在处理第 74/100 篇文章: Capalyze – Natural language data analysis
成功提取文章内容，长度: 32 字符
已完成第 74 篇文章的处理

正在处理第 75/100 篇文章: In Memoriam: John L. Young, Cryptome Co-Founder
成功提取文章内容，长度: 3425 字符
已完成第 75 篇文章的处理

正在处理第 76/100 篇文章: DDoSecrets publishes 410 GB of heap dumps, hacked from TeleMessage
成功提取文章内容，长度: 2880 字符
已完成第 76 篇文章的处理

正在处理第 77/100 篇文章: A disk is a bunch of bits (2023)
成功提取文章内容，长度: 15000 字符
已完成第 77 篇文章的处理

正在处理第 78/100 篇文章: Show HN: A Simple Server to Match Long/Lat to a TimeZone
成功提取文章内容，长度: 7946 字符
已完成第 78 篇文章的处理

正在处理第 79/100 篇文章: Teachable Machine
成功提取文章内容，长度: 17 字符
已完成第 79 篇文章的处理

正在处理第 80/100 篇文章: The emoji problem (2022)
成功提取文章内容，长度: 132 字符
已完成第 80 篇文章的处理

正在处理第 81/100 篇文章: Erlang/OTP 28.0 Release
成功提取文章内容，长度: 4012 字符
已完成第 81 篇文章的处理

正在处理第 82/100 篇文章: The Fractured Entangled Representation Hypothesis
成功提取文章内容，长度: 4869 字符
已完成第 82 篇文章的处理

正在处理第 83/100 篇文章: Hypervisor as a Library
成功提取文章内容，长度: 8425 字符
已完成第 83 篇文章的处理

正在处理第 84/100 篇文章: Biff – a batteries-included web framework for Clojure
成功提取文章内容，长度: 1203 字符
已完成第 84 篇文章的处理

正在处理第 85/100 篇文章: xAI's Grok 3 comes to Microsoft Azure
成功提取文章内容，长度: 2931 字符
已完成第 85 篇文章的处理

正在处理第 86/100 篇文章: Jules: An asynchronous coding agent
成功提取文章内容，长度: 1301 字符
已完成第 86 篇文章的处理

正在处理第 87/100 篇文章: A man who visited every country in the world without boarding a plane (2023)
成功提取文章内容，长度: 14513 字符
已完成第 87 篇文章的处理

正在处理第 88/100 篇文章: Zod 4
成功提取文章内容，长度: 15000 字符
已完成第 88 篇文章的处理

正在处理第 89/100 篇文章: Show HN: Astra – a new js2exe compiler
成功提取文章内容，长度: 2105 字符
已完成第 89 篇文章的处理

正在处理第 90/100 篇文章: Show HN:  Olelo Foil - NACA Airfoil Sim
成功提取文章内容，长度: 11 字符
已完成第 90 篇文章的处理

正在处理第 91/100 篇文章: Finland announces migration of its rail network to international gauge
成功提取文章内容，长度: 2808 字符
已完成第 91 篇文章的处理

正在处理第 92/100 篇文章: Show HN: Kraa.io – Markdown editor for notes, blogs, chats
成功提取文章内容，长度: 4 字符
已完成第 92 篇文章的处理

正在处理第 93/100 篇文章: GitHub Copilot Coding Agent
成功提取文章内容，长度: 2127 字符
已完成第 93 篇文章的处理

正在处理第 94/100 篇文章: AI in my plasma physics research didn’t go the way I expected
成功提取文章内容，长度: 15000 字符
已完成第 94 篇文章的处理

正在处理第 95/100 篇文章: Understanding How Violet Light Can Stop Myopia Progression
成功提取文章内容，长度: 6582 字符
已完成第 95 篇文章的处理

正在处理第 96/100 篇文章: Mystical
成功提取文章内容，长度: 6981 字符
已完成第 96 篇文章的处理

正在处理第 97/100 篇文章: Dilbert creator Scott Adams says he will die soon from same cancer as Joe Biden
成功提取文章内容，长度: 1981 字符
已完成第 97 篇文章的处理

正在处理第 98/100 篇文章: Depth Anything V2
成功提取文章内容，长度: 555 字符
已完成第 98 篇文章的处理

正在处理第 99/100 篇文章: The Future of Customer Support Is Lies, I Guess
成功提取文章内容，长度: 6802 字符
已完成第 99 篇文章的处理

正在处理第 100/100 篇文章: Terraform MCP Server
成功提取文章内容，长度: 4793 字符
已完成第 100 篇文章的处理
README.md 更新完成
处理完成！
Generate summary end
commit&push start
