开始运行 Hacker News 文章摘要提取器...
正在获取 Hacker News 上的前 100 篇热门文章...
成功获取 100 篇文章

正在处理第 1/100 篇文章: Default styles for H1 elements are changing
成功提取文章内容，长度: 5368 字符
已完成第 1 篇文章的处理

正在处理第 2/100 篇文章: The Story Behind “100 Go Mistakes and How to Avoid Them”
成功提取文章内容，长度: 15000 字符
已完成第 2 篇文章的处理

正在处理第 3/100 篇文章: Garfield Minus Garfield
成功提取文章内容，长度: 75 字符
已完成第 3 篇文章的处理

正在处理第 4/100 篇文章: Big Book of R
成功提取文章内容，长度: 2209 字符
已完成第 4 篇文章的处理

正在处理第 5/100 篇文章: My Own Private Binary: An Idiosyncratic Introduction to Linux Kernel Modules
成功提取文章内容，长度: 15000 字符
已完成第 5 篇文章的处理

正在处理第 6/100 篇文章: Fintech founder charged with fraud; AI app found to be humans in the Philippines
成功提取文章内容，长度: 3095 字符
已完成第 6 篇文章的处理

正在处理第 7/100 篇文章: Show HN: I built a tool to manage and compare credit card rewards
成功提取文章内容，长度: 647 字符
已完成第 7 篇文章的处理

正在处理第 8/100 篇文章: Demystifying the (Shebang): Kernel Adventures
成功提取文章内容，长度: 12232 字符
已完成第 8 篇文章的处理

正在处理第 9/100 篇文章: Levitating Bugs with Sound Could Transform Scientific Photography
成功提取文章内容，长度: 5748 字符
已完成第 9 篇文章的处理

正在处理第 10/100 篇文章: Why Tap a Wheel of Cheese?
成功提取文章内容，长度: 4697 字符
已完成第 10 篇文章的处理

正在处理第 11/100 篇文章: How a $2k 'Made in the USA' Phone Is Manufactured
成功提取文章内容，长度: 15000 字符
已完成第 11 篇文章的处理

正在处理第 12/100 篇文章: Owning my own data, part 1: Integrating a self-hosted calendar solution
无法提取文章内容，尝试直接生成摘要（可能会失败）
已完成第 12 篇文章的处理

正在处理第 13/100 篇文章: Clojure: Realtime collaborative web apps without ClojureScript
成功提取文章内容，长度: 5858 字符
已完成第 13 篇文章的处理

正在处理第 14/100 篇文章: Show HN: Koreo – A platform engineering toolkit for Kubernetes
成功提取文章内容，长度: 6616 字符
已完成第 14 篇文章的处理

正在处理第 15/100 篇文章: Tesla Canada says its shady $43M incentive grab was a misunderstanding
成功提取文章内容，长度: 11715 字符
已完成第 15 篇文章的处理

正在处理第 16/100 篇文章: Parity (YC S24) is hiring founding engineers to build an AI SRE (in-person SF)
成功提取文章内容，长度: 1154 字符
已完成第 16 篇文章的处理

正在处理第 17/100 篇文章: What if your website had business hours? (2022)
成功提取文章内容，长度: 3314 字符
已完成第 17 篇文章的处理

正在处理第 18/100 篇文章: Crystal 1.16.0 Is Released
成功提取文章内容，长度: 6782 字符
已完成第 18 篇文章的处理

正在处理第 19/100 篇文章: SDL2 for macOS 9 “rough draft”
获取文章失败，状态码: 403
无法提取文章内容，尝试直接生成摘要（可能会失败）
已完成第 19 篇文章的处理

正在处理第 20/100 篇文章: This site uses cookies to store the fact you clicked “Accept Cookies”
成功提取文章内容，长度: 3181 字符
已完成第 20 篇文章的处理

正在处理第 21/100 篇文章: Usability Improvements in GCC 15
无法提取文章内容，尝试直接生成摘要（可能会失败）
已完成第 21 篇文章的处理

正在处理第 22/100 篇文章: Controlling Language and Diffusion Models by Transporting Activations
成功提取文章内容，长度: 13433 字符
已完成第 22 篇文章的处理

正在处理第 23/100 篇文章: A surprising enum size optimization in the Rust compiler
成功提取文章内容，长度: 7172 字符
已完成第 23 篇文章的处理

正在处理第 24/100 篇文章: Elliptical Python Programming
成功提取文章内容，长度: 9606 字符
已完成第 24 篇文章的处理

正在处理第 25/100 篇文章: Black Mirror's pessimism porn won't lead us to a better future
成功提取文章内容，长度: 7534 字符
已完成第 25 篇文章的处理

正在处理第 26/100 篇文章: PEP 750 – Template Strings
成功提取文章内容，长度: 15000 字符
已完成第 26 篇文章的处理

正在处理第 27/100 篇文章: The movie that's different every time you watch it
提取文章内容时出错: ('Connection aborted.', RemoteDisconnected('Remote end closed connection without response'))
错误类型: ConnectionError
错误详情: Traceback (most recent call last):
  File "/opt/hostedtoolcache/Python/3.13.2/x64/lib/python3.13/site-packages/urllib3/connectionpool.py", line 787, in urlopen
    response = self._make_request(
        conn,
    ...<10 lines>...
        **response_kw,
    )
  File "/opt/hostedtoolcache/Python/3.13.2/x64/lib/python3.13/site-packages/urllib3/connectionpool.py", line 534, in _make_request
    response = conn.getresponse()
  File "/opt/hostedtoolcache/Python/3.13.2/x64/lib/python3.13/site-packages/urllib3/connection.py", line 516, in getresponse
    httplib_response = super().getresponse()
  File "/opt/hostedtoolcache/Python/3.13.2/x64/lib/python3.13/http/client.py", line 1430, in getresponse
    response.begin()
    ~~~~~~~~~~~~~~^^
  File "/opt/hostedtoolcache/Python/3.13.2/x64/lib/python3.13/http/client.py", line 331, in begin
    version, status, reason = self._read_status()
                              ~~~~~~~~~~~~~~~~~^^
  File "/opt/hostedtoolcache/Python/3.13.2/x64/lib/python3.13/http/client.py", line 300, in _read_status
    raise RemoteDisconnected("Remote end closed connection without"
                             " response")
http.client.RemoteDisconnected: Remote end closed connection without response

During handling of the above exception, another exception occurred:

Traceback (most recent call last):
  File "/opt/hostedtoolcache/Python/3.13.2/x64/lib/python3.13/site-packages/requests/adapters.py", line 667, in send
    resp = conn.urlopen(
        method=request.method,
    ...<9 lines>...
        chunked=chunked,
    )
  File "/opt/hostedtoolcache/Python/3.13.2/x64/lib/python3.13/site-packages/urllib3/connectionpool.py", line 841, in urlopen
    retries = retries.increment(
        method, url, error=new_e, _pool=self, _stacktrace=sys.exc_info()[2]
    )
  File "/opt/hostedtoolcache/Python/3.13.2/x64/lib/python3.13/site-packages/urllib3/util/retry.py", line 474, in increment
    raise reraise(type(error), error, _stacktrace)
          ~~~~~~~^^^^^^^^^^^^^^^^^^^^^^^^^^^^^^^^^
  File "/opt/hostedtoolcache/Python/3.13.2/x64/lib/python3.13/site-packages/urllib3/util/util.py", line 38, in reraise
    raise value.with_traceback(tb)
  File "/opt/hostedtoolcache/Python/3.13.2/x64/lib/python3.13/site-packages/urllib3/connectionpool.py", line 787, in urlopen
    response = self._make_request(
        conn,
    ...<10 lines>...
        **response_kw,
    )
  File "/opt/hostedtoolcache/Python/3.13.2/x64/lib/python3.13/site-packages/urllib3/connectionpool.py", line 534, in _make_request
    response = conn.getresponse()
  File "/opt/hostedtoolcache/Python/3.13.2/x64/lib/python3.13/site-packages/urllib3/connection.py", line 516, in getresponse
    httplib_response = super().getresponse()
  File "/opt/hostedtoolcache/Python/3.13.2/x64/lib/python3.13/http/client.py", line 1430, in getresponse
    response.begin()
    ~~~~~~~~~~~~~~^^
  File "/opt/hostedtoolcache/Python/3.13.2/x64/lib/python3.13/http/client.py", line 331, in begin
    version, status, reason = self._read_status()
                              ~~~~~~~~~~~~~~~~~^^
  File "/opt/hostedtoolcache/Python/3.13.2/x64/lib/python3.13/http/client.py", line 300, in _read_status
    raise RemoteDisconnected("Remote end closed connection without"
                             " response")
urllib3.exceptions.ProtocolError: ('Connection aborted.', RemoteDisconnected('Remote end closed connection without response'))

During handling of the above exception, another exception occurred:

Traceback (most recent call last):
  File "/home/runner/work/hacker-news-summarizer/hacker-news-summarizer/main.py", line 84, in extract_article_content
    response = requests.get(url, headers=headers, timeout=15)
  File "/opt/hostedtoolcache/Python/3.13.2/x64/lib/python3.13/site-packages/requests/api.py", line 73, in get
    return request("get", url, params=params, **kwargs)
  File "/opt/hostedtoolcache/Python/3.13.2/x64/lib/python3.13/site-packages/requests/api.py", line 59, in request
    return session.request(method=method, url=url, **kwargs)
           ~~~~~~~~~~~~~~~^^^^^^^^^^^^^^^^^^^^^^^^^^^^^^^^^^
  File "/opt/hostedtoolcache/Python/3.13.2/x64/lib/python3.13/site-packages/requests/sessions.py", line 589, in request
    resp = self.send(prep, **send_kwargs)
  File "/opt/hostedtoolcache/Python/3.13.2/x64/lib/python3.13/site-packages/requests/sessions.py", line 703, in send
    r = adapter.send(request, **kwargs)
  File "/opt/hostedtoolcache/Python/3.13.2/x64/lib/python3.13/site-packages/requests/adapters.py", line 682, in send
    raise ConnectionError(err, request=request)
requests.exceptions.ConnectionError: ('Connection aborted.', RemoteDisconnected('Remote end closed connection without response'))

无法提取文章内容，尝试直接生成摘要（可能会失败）
已完成第 27 篇文章的处理

正在处理第 28/100 篇文章: The Difference Between Municipal Fire Trucks and Airport Fire Trucks
成功提取文章内容，长度: 15000 字符
已完成第 28 篇文章的处理

正在处理第 29/100 篇文章: Arroyo (YC W23) has been acquired by Cloudflare
无法提取文章内容，尝试直接生成摘要（可能会失败）
已完成第 29 篇文章的处理

正在处理第 30/100 篇文章: Gemini Live with camera and screen sharing capabilities
成功提取文章内容，长度: 3318 字符
已完成第 30 篇文章的处理

正在处理第 31/100 篇文章: Pdeathsig is almost never what you want
成功提取文章内容，长度: 10289 字符
已完成第 31 篇文章的处理

正在处理第 32/100 篇文章: Messier Marathon
成功提取文章内容，长度: 4668 字符
已完成第 32 篇文章的处理

正在处理第 33/100 篇文章: Louisiana prison board uses algorithms to determine eligility for parole
成功提取文章内容，长度: 15000 字符
已完成第 33 篇文章的处理

正在处理第 34/100 篇文章: Suffering-Oriented Programming (2012)
成功提取文章内容，长度: 9682 字符
已完成第 34 篇文章的处理

正在处理第 35/100 篇文章: Eight or more drinks per week linked to brain lesions
成功提取文章内容，长度: 4163 字符
已完成第 35 篇文章的处理

正在处理第 36/100 篇文章: What Your Sleep Tracker Gets Wrong About Sleep
成功提取文章内容，长度: 4015 字符
已完成第 36 篇文章的处理

正在处理第 37/100 篇文章: Isaac Asimov describes how AI will liberate humans and their creativity (1992)
成功提取文章内容，长度: 4237 字符
已完成第 37 篇文章的处理

正在处理第 38/100 篇文章: ELD: A new open-source embedded linker tool for embedded systems
成功提取文章内容，长度: 123 字符
已完成第 38 篇文章的处理

正在处理第 39/100 篇文章: Smartfunc: Turn Docstrings into LLM-Functions
成功提取文章内容，长度: 7442 字符
已完成第 39 篇文章的处理

正在处理第 40/100 篇文章: Hacker News Hug of Deaf
成功提取文章内容，长度: 2933 字符
已完成第 40 篇文章的处理

正在处理第 41/100 篇文章: We Designed TigerBeetle's Docs from Scratch
成功提取文章内容，长度: 15000 字符
已完成第 41 篇文章的处理

正在处理第 42/100 篇文章: A quarkless supercollider may finally shed light on dark matter
成功提取文章内容，长度: 15000 字符
已完成第 42 篇文章的处理

正在处理第 43/100 篇文章: The overlooked psychedelic that may help treat traumatic brain injury
成功提取文章内容，长度: 8604 字符
已完成第 43 篇文章的处理

正在处理第 44/100 篇文章: Colossus for Rapid Storage
成功提取文章内容，长度: 8687 字符
已完成第 44 篇文章的处理

正在处理第 45/100 篇文章: No level of alcohol consumption is safe for our health (2023)
成功提取文章内容，长度: 4807 字符
已完成第 45 篇文章的处理

正在处理第 46/100 篇文章: Cells are swapping their mitochondria. What does this mean for our health?
成功提取文章内容，长度: 14151 字符
已完成第 46 篇文章的处理

正在处理第 47/100 篇文章: Busy Bar
成功提取文章内容，长度: 11749 字符
已完成第 47 篇文章的处理

正在处理第 48/100 篇文章: Trustworthy AI Without Trusted Data
成功提取文章内容，长度: 6207 字符
已完成第 48 篇文章的处理

正在处理第 49/100 篇文章: Hunt for Red October 1990 (2016)
成功提取文章内容，长度: 9509 字符
已完成第 49 篇文章的处理

正在处理第 50/100 篇文章: Saturn's moon Titan could harbor life, but only a tiny amount
成功提取文章内容，长度: 6034 字符
已完成第 50 篇文章的处理

正在处理第 51/100 篇文章: IRIX 6.5.17 Source Code
成功提取文章内容，长度: 42 字符
已完成第 51 篇文章的处理

正在处理第 52/100 篇文章: Sleep is essential – researchers are trying to work out why
成功提取文章内容，长度: 15000 字符
已完成第 52 篇文章的处理

正在处理第 53/100 篇文章: The Curious Case of Jupiter Ace
获取文章失败，状态码: 403
无法提取文章内容，尝试直接生成摘要（可能会失败）
已完成第 53 篇文章的处理

正在处理第 54/100 篇文章: Show HN: I built an app that reduces podcast preparation effort by 95% +
成功提取文章内容，长度: 3110 字符
已完成第 54 篇文章的处理

正在处理第 55/100 篇文章: TVMC: Time-Varying Mesh Compression
成功提取文章内容，长度: 9412 字符
已完成第 55 篇文章的处理

正在处理第 56/100 篇文章: .localhost Domains
成功提取文章内容，长度: 1195 字符
已完成第 56 篇文章的处理

正在处理第 57/100 篇文章: Design System Options for Rails
成功提取文章内容，长度: 9406 字符
已完成第 57 篇文章的处理

正在处理第 58/100 篇文章: That's a Lot of YAML
成功提取文章内容，长度: 7445 字符
已完成第 58 篇文章的处理

正在处理第 59/100 篇文章: "The Form of a Demon and the Heart of a Person"
成功提取文章内容，长度: 7 字符
已完成第 59 篇文章的处理

正在处理第 60/100 篇文章: Show HN: Pledge – A Lightweight Reactive Framework for Swift (No Rx Overhead)
成功提取文章内容，长度: 6651 字符
已完成第 60 篇文章的处理

正在处理第 61/100 篇文章: Native frame transposition coming to Emacs 31
成功提取文章内容，长度: 2107 字符
已完成第 61 篇文章的处理

正在处理第 62/100 篇文章: Uncovering a 0-Click RCE in the SuperNote Nomad E-Ink Tablet
成功提取文章内容，长度: 12815 字符
已完成第 62 篇文章的处理

正在处理第 63/100 篇文章: Parser Combinators Beat Regexes
成功提取文章内容，长度: 12360 字符
已完成第 63 篇文章的处理

正在处理第 64/100 篇文章: Misokinesia, sensitivity to seeing others fidget prevalent in general population
成功提取文章内容，长度: 15000 字符
已完成第 64 篇文章的处理

正在处理第 65/100 篇文章: Quantum Physics Is on the Wrong Track, Says Gerard 'T Hooft
成功提取文章内容，长度: 15000 字符
已完成第 65 篇文章的处理

正在处理第 66/100 篇文章: The Columbian Orator taught nineteenth-century Americans how to speak
成功提取文章内容，长度: 15000 字符
已完成第 66 篇文章的处理

正在处理第 67/100 篇文章: Photographs of 19th Century Japan
获取文章失败，状态码: 403
无法提取文章内容，尝试直接生成摘要（可能会失败）
已完成第 67 篇文章的处理

正在处理第 68/100 篇文章: Elon Musk's DOGE Is Getting Audited by GAO
成功提取文章内容，长度: 10743 字符
已完成第 68 篇文章的处理

正在处理第 69/100 篇文章: Learning to Program with Haiku
成功提取文章内容，长度: 8459 字符
已完成第 69 篇文章的处理

正在处理第 70/100 篇文章: Apache ECharts
成功提取文章内容，长度: 347 字符
已完成第 70 篇文章的处理

正在处理第 71/100 篇文章: Searchception
成功提取文章内容，长度: 4329 字符
已完成第 71 篇文章的处理

正在处理第 72/100 篇文章: Show HN: I built an app to generate story relationships using Mermaidjs
成功提取文章内容，长度: 2542 字符
已完成第 72 篇文章的处理

正在处理第 73/100 篇文章: How much do you think it costs to make a pair of Nike shoes in Asia?
成功提取文章内容，长度: 272 字符
已完成第 73 篇文章的处理

正在处理第 74/100 篇文章: Dice and Queues
成功提取文章内容，长度: 11033 字符
已完成第 74 篇文章的处理

正在处理第 75/100 篇文章: The Russian Paradox: So Much Education, So Little Human Capital
成功提取文章内容，长度: 13645 字符
已完成第 75 篇文章的处理

正在处理第 76/100 篇文章: Neutrinos' maximum possible mass shrinks further
成功提取文章内容，长度: 2145 字符
已完成第 76 篇文章的处理

正在处理第 77/100 篇文章: How University Students Use Claude
获取文章失败，状态码: 403
无法提取文章内容，尝试直接生成摘要（可能会失败）
已完成第 77 篇文章的处理

正在处理第 78/100 篇文章: FDA reverses on telework after layoffs and resignations threaten basic operation
成功提取文章内容，长度: 115 字符
已完成第 78 篇文章的处理

正在处理第 79/100 篇文章: Baking the Y Combinator from Scratch
成功提取文章内容，长度: 15000 字符
已完成第 79 篇文章的处理

正在处理第 80/100 篇文章: GPD Pocket 4 Speaker DSP: Configuring PipeWire so laptop speakers sound better
成功提取文章内容，长度: 2137 字符
已完成第 80 篇文章的处理

正在处理第 81/100 篇文章: Show HN: Obelisk – a WASM-based deterministic workflow engine
成功提取文章内容，长度: 1095 字符
已完成第 81 篇文章的处理

正在处理第 82/100 篇文章: Firebase Studio
成功提取文章内容，长度: 2190 字符
已完成第 82 篇文章的处理

正在处理第 83/100 篇文章: Show HN: I Built an AI-Powered System to Help You Learn Any Skill in 30 Days
成功提取文章内容，长度: 15000 字符
已完成第 83 篇文章的处理

正在处理第 84/100 篇文章: Antiviral chewing gum to reduce influenza and herpes simplex virus transmission
成功提取文章内容，长度: 912 字符
已完成第 84 篇文章的处理

正在处理第 85/100 篇文章: Can Your Phone Ban You from the U.S. in 2025?
成功提取文章内容，长度: 8593 字符
已完成第 85 篇文章的处理

正在处理第 86/100 篇文章: Men's Weird Collections Inspired the Modern Museum: Cabinets of Curiosities
获取文章失败，状态码: 403
无法提取文章内容，尝试直接生成摘要（可能会失败）
已完成第 86 篇文章的处理

正在处理第 87/100 篇文章: Spoofing a Pokemon Trade
成功提取文章内容，长度: 13201 字符
已完成第 87 篇文章的处理

正在处理第 88/100 篇文章: Middle-aged man trading cards go viral in rural Japan town
成功提取文章内容，长度: 5114 字符
已完成第 88 篇文章的处理

正在处理第 89/100 篇文章: LLM Benchmark for 'Longform Creative Writing'
成功提取文章内容，长度: 1541 字符
已完成第 89 篇文章的处理

正在处理第 90/100 篇文章: Linux on Samsung Chromebook Plus (Kevin) with Rockchip RK3399 ARM SoC (2024)
成功提取文章内容，长度: 5554 字符
已完成第 90 篇文章的处理

正在处理第 91/100 篇文章: Show HN: DrawDB – open-source online database diagram editor (a retro)
成功提取文章内容，长度: 104 字符
已完成第 91 篇文章的处理

正在处理第 92/100 篇文章: SpacetimeDB
成功提取文章内容，长度: 314 字符
已完成第 92 篇文章的处理

正在处理第 93/100 篇文章: A guide to reduce screen time
成功提取文章内容，长度: 9404 字符
已完成第 93 篇文章的处理

正在处理第 94/100 篇文章: The best programmers I know
成功提取文章内容，长度: 11169 字符
已完成第 94 篇文章的处理

正在处理第 95/100 篇文章: Blue Shield Data Breach (Google Ads)
成功提取文章内容，长度: 5532 字符
已完成第 95 篇文章的处理

正在处理第 96/100 篇文章: My Daughter Is Ready for Her First Smartphone. I'm Not Ready to Give It to Her
获取文章失败，状态码: 401
无法提取文章内容，尝试直接生成摘要（可能会失败）
已完成第 96 篇文章的处理

正在处理第 97/100 篇文章: The chroot Technique – a Swiss army multitool for Linux systems
成功提取文章内容，长度: 5589 字符
已完成第 97 篇文章的处理

正在处理第 98/100 篇文章: Visual Reasoning Is Coming Soon
成功提取文章内容，长度: 14890 字符
已完成第 98 篇文章的处理

正在处理第 99/100 篇文章: The Agent2Agent Protocol (A2A)
成功提取文章内容，长度: 15000 字符
已完成第 99 篇文章的处理

正在处理第 100/100 篇文章: Linux Kernel Defence Map – Security Hardening Concepts
成功提取文章内容，长度: 2589 字符
已完成第 100 篇文章的处理
README.md 更新完成
处理完成！
Generate summary end
commit&push start
